F.catus_RUVBL1_ruvBlike_1_isoform_X1	100.000	456	0	0	0.0	929	F.catus_RUVBL1_ruvBlike_1_isoform_X1
E.caballus_RUVBL1_ruvBlike_1	99.561	456	2	0	0.0	924	E.caballus_RUVBL1_ruvBlike_1
X.laevis_ruvbl1.L_ruvBlike_1	96.053	456	18	0	0.0	907	X.laevis_ruvbl1.L_ruvBlike_1
C.mydas_RUVBL1_ruvBlike_1	96.711	456	15	0	0.0	904	C.mydas_RUVBL1_ruvBlike_1
X.laevis_ruvbl1.S_ruvBlike_1	95.614	456	20	0	0.0	904	X.laevis_ruvbl1.S_ruvBlike_1
G.gallus_RUVBL1_ruvBlike_1_isoform_X1	92.050	478	16	1	0.0	891	G.gallus_RUVBL1_ruvBlike_1_isoform_X1
C.carcharias_ruvbl1_ruvBlike_1	94.956	456	23	0	0.0	889	C.carcharias_ruvbl1_ruvBlike_1
S.salar_ruvb1_RuvBlike_1	91.447	456	39	0	0.0	871	S.salar_ruvb1_RuvBlike_1
D.rerio_ruvbl1_ruvBlike_1	92.325	456	35	0	0.0	860	D.rerio_ruvbl1_ruvBlike_1
S.salar_ruvbl1_ruvBlike_1	91.447	456	39	0	0.0	855	S.salar_ruvbl1_ruvBlike_1
G.aculeatus_ruvbl1_ruvBlike_1_isoform_X1	89.912	456	46	0	0.0	855	G.aculeatus_ruvbl1_ruvBlike_1_isoform_X1
H.sapiens_RUVBL1_ruvBlike_1_isoform_X1	92.377	446	28	2	0.0	825	H.sapiens_RUVBL1_ruvBlike_1_isoform_X1
X.laevis_ruvbl2.L_ruvBlike_2	44.956	456	236	5	3.06e-135	400	X.laevis_ruvbl2.L_ruvBlike_2
C.carcharias_ruvbl2_ruvBlike_2	44.956	456	236	5	6.91e-135	399	C.carcharias_ruvbl2_ruvBlike_2
X.laevis_ruvbl2.S_RuvB_like_AAA_ATPase_2_S_homeolog	44.737	456	237	5	9.48e-135	398	X.laevis_ruvbl2.S_RuvB_like_AAA_ATPase_2_S_homeolog
S.townsendi_RUVBL2_ruvBlike_2	44.079	456	240	5	4.48e-133	394	S.townsendi_RUVBL2_ruvBlike_2
F.catus_RUVBL2_ruvBlike_2_isoform_X1	42.763	456	246	5	1.90e-130	387	F.catus_RUVBL2_ruvBlike_2_isoform_X1
H.sapiens_RUVBL2_ruvBlike_2_isoform_1	42.763	456	246	5	1.96e-130	387	H.sapiens_RUVBL2_ruvBlike_2_isoform_1
E.caballus_RUVBL2_ruvBlike_2_isoform_X1	42.763	456	246	5	2.26e-130	387	E.caballus_RUVBL2_ruvBlike_2_isoform_X1
S.salar_ruvbl2_ruvBlike_2	44.079	456	240	5	3.41e-129	384	S.salar_ruvbl2_ruvBlike_2
D.rerio_ruvbl2_ruvBlike_2	43.860	456	241	5	9.45e-129	383	D.rerio_ruvbl2_ruvBlike_2
D.rerio_ruvbl2_ruvBlike_2	43.860	456	241	5	9.45e-129	383	D.rerio_ruvbl2_ruvBlike_2
G.aculeatus_ruvbl2_ruvBlike_2	43.640	456	242	5	1.89e-126	377	G.aculeatus_ruvbl2_ruvBlike_2
S.townsendi_RUVBL1_ruvBlike_1	95.906	171	7	0	6.47e-111	332	S.townsendi_RUVBL1_ruvBlike_1
X.laevis_yme1l1.S_ATPdependent_zinc_metalloprotease_YME1L1	28.365	208	104	10	5.04e-05	49.3	X.laevis_yme1l1.S_ATPdependent_zinc_metalloprotease_YME1L1
C.carcharias_vps4b_vacuolar_protein_sortingassociated_protein_4B	33.333	117	66	5	1.05e-04	47.8	C.carcharias_vps4b_vacuolar_protein_sortingassociated_protein_4B
S.townsendi_YME1L1_ATPdependent_zinc_metalloprotease_YME1L1	27.885	208	105	10	1.32e-04	47.8	S.townsendi_YME1L1_ATPdependent_zinc_metalloprotease_YME1L1
H.sapiens_YME1L1_ATPdependent_zinc_metalloprotease_YME1L1_isoform	27.404	208	106	10	1.77e-04	47.4	H.sapiens_YME1L1_ATPdependent_zinc_metalloprotease_YME1L1_isoform
S.salar_LOC106598156_ATPdependent_zinc_metalloprotease_YME1L1_iso	27.830	212	100	10	1.84e-04	47.4	S.salar_LOC106598156_ATPdependent_zinc_metalloprotease_YME1L1_iso
F.catus_YME1L1_ATPdependent_zinc_metalloprotease_YME1L1	27.404	208	106	10	1.85e-04	47.4	F.catus_YME1L1_ATPdependent_zinc_metalloprotease_YME1L1
E.caballus_YME1L1_ATPdependent_zinc_metalloprotease_YME1L1	27.404	208	106	10	1.88e-04	47.4	E.caballus_YME1L1_ATPdependent_zinc_metalloprotease_YME1L1
C.mydas_YME1L1_ATPdependent_zinc_metalloprotease_YME1L1_isoform_X	27.404	208	106	10	1.92e-04	47.4	C.mydas_YME1L1_ATPdependent_zinc_metalloprotease_YME1L1_isoform_X
S.townsendi_VPS4B_vacuolar_protein_sortingassociated_protein_4B	32.479	117	67	5	2.17e-04	47.0	S.townsendi_VPS4B_vacuolar_protein_sortingassociated_protein_4B
H.sapiens_VPS4B_vacuolar_protein_sortingassociated_protein_4B	32.479	117	67	5	2.23e-04	47.0	H.sapiens_VPS4B_vacuolar_protein_sortingassociated_protein_4B
D.rerio_vps4a_vacuolar_protein_sortingassociated_protein_4A_isofo	35.632	87	48	3	2.37e-04	46.6	D.rerio_vps4a_vacuolar_protein_sortingassociated_protein_4A_isofo
X.laevis_vps4b.S_vacuolar_protein_sorting_4_homolog_B_S_homeolog	32.479	117	67	5	2.49e-04	46.6	X.laevis_vps4b.S_vacuolar_protein_sorting_4_homolog_B_S_homeolog
G.aculeatus_vps4b_vacuolar_protein_sortingassociated_protein_4B_i	35.632	87	48	3	2.52e-04	46.6	G.aculeatus_vps4b_vacuolar_protein_sortingassociated_protein_4B_i
E.caballus_VPS4A_vacuolar_protein_sortingassociated_protein_4A_is	35.632	87	48	3	2.56e-04	46.6	E.caballus_VPS4A_vacuolar_protein_sortingassociated_protein_4A_is
G.gallus_VPS4A_vacuolar_protein_sortingassociated_protein_4A	35.632	87	48	3	2.72e-04	46.6	G.gallus_VPS4A_vacuolar_protein_sortingassociated_protein_4A
F.catus_VPS4B_vacuolar_protein_sortingassociated_protein_4B	32.479	117	67	5	2.72e-04	46.6	F.catus_VPS4B_vacuolar_protein_sortingassociated_protein_4B
G.aculeatus_LOC120816645_ATPdependent_zinc_metalloprotease_YME1L1	28.846	208	103	10	2.81e-04	46.6	G.aculeatus_LOC120816645_ATPdependent_zinc_metalloprotease_YME1L1
C.mydas_VPS4B_vacuolar_protein_sortingassociated_protein_4B	32.479	117	67	5	2.88e-04	46.6	C.mydas_VPS4B_vacuolar_protein_sortingassociated_protein_4B
D.rerio_yme1l1b_ATPdependent_zinc_metalloprotease_YME1L1b	27.404	208	106	10	3.73e-04	46.2	D.rerio_yme1l1b_ATPdependent_zinc_metalloprotease_YME1L1b
G.gallus_VPS4B_vacuolar_protein_sortingassociated_protein_4B	35.632	87	48	3	3.90e-04	46.2	G.gallus_VPS4B_vacuolar_protein_sortingassociated_protein_4B
S.townsendi_VPS4A_vacuolar_protein_sortingassociated_protein_4A_i	36.471	85	46	3	3.96e-04	45.8	S.townsendi_VPS4A_vacuolar_protein_sortingassociated_protein_4A_i
G.aculeatus_vps4a_vacuolar_protein_sortingassociated_protein_4A	31.933	119	69	5	4.35e-04	45.8	G.aculeatus_vps4a_vacuolar_protein_sortingassociated_protein_4A
S.townsendi_SPATA5L1_spermatogenesisassociated_protein_5like_prot	47.368	57	25	3	4.67e-04	46.2	S.townsendi_SPATA5L1_spermatogenesisassociated_protein_5like_prot
S.salar_LOC106590300_ATPdependent_zinc_metalloprotease_YME1L1like	26.887	212	102	10	4.70e-04	46.2	S.salar_LOC106590300_ATPdependent_zinc_metalloprotease_YME1L1like
G.gallus_YME1L1_ATPdependent_zinc_metalloprotease_YME1L1	28.037	214	97	11	4.77e-04	46.2	G.gallus_YME1L1_ATPdependent_zinc_metalloprotease_YME1L1
X.laevis_yme1l1.L_YME1_like_1_ATPase_L_homeolog	26.923	208	107	10	4.97e-04	45.8	X.laevis_yme1l1.L_YME1_like_1_ATPase_L_homeolog
S.salar_vps4a_vacuolar_protein_sortingassociated_protein_4A	35.294	85	47	3	5.32e-04	45.4	S.salar_vps4a_vacuolar_protein_sortingassociated_protein_4A
E.caballus_VPS4B_vacuolar_protein_sortingassociated_protein_4B	32.174	115	66	5	5.33e-04	45.4	E.caballus_VPS4B_vacuolar_protein_sortingassociated_protein_4B
S.salar_LOC106584355_vacuolar_protein_sortingassociated_protein_4	35.294	85	47	3	5.93e-04	45.4	S.salar_LOC106584355_vacuolar_protein_sortingassociated_protein_4
D.rerio_yme1l1a_ATPdependent_zinc_metalloprotease_YME1L1like_isof	26.887	212	102	10	5.94e-04	45.8	D.rerio_yme1l1a_ATPdependent_zinc_metalloprotease_YME1L1like_isof
X.laevis_vps4a.L_vacuolar_protein_sorting_4_homolog_A_L_homeolog	35.294	85	47	3	6.12e-04	45.4	X.laevis_vps4a.L_vacuolar_protein_sorting_4_homolog_A_L_homeolog
S.salar_LOC106613859_vacuolar_protein_sortingassociated_protein_4	35.294	85	47	3	6.19e-04	45.4	S.salar_LOC106613859_vacuolar_protein_sortingassociated_protein_4
X.laevis_sntb2.S_vacuolar_protein_sortingassociated_protein_4A	35.294	85	47	3	6.23e-04	45.4	X.laevis_sntb2.S_vacuolar_protein_sortingassociated_protein_4A
H.sapiens_VPS4A_vacuolar_protein_sortingassociated_protein_4A	35.294	85	47	3	6.46e-04	45.4	H.sapiens_VPS4A_vacuolar_protein_sortingassociated_protein_4A
F.catus_VPS4A_vacuolar_protein_sortingassociated_protein_4A_isofo	35.294	85	47	3	6.46e-04	45.4	F.catus_VPS4A_vacuolar_protein_sortingassociated_protein_4A_isofo
S.salar_LOC106579701_ATPdependent_zinc_metalloprotease_YME1L1_iso	27.014	211	101	10	6.96e-04	45.4	S.salar_LOC106579701_ATPdependent_zinc_metalloprotease_YME1L1_iso
S.salar_LOC106568699_ATPdependent_zinc_metalloprotease_YME1L1like	27.885	208	105	10	6.97e-04	45.4	S.salar_LOC106568699_ATPdependent_zinc_metalloprotease_YME1L1like
S.salar_LOC106569187_vacuolar_protein_sortingassociated_protein_4	35.294	85	47	3	6.98e-04	45.4	S.salar_LOC106569187_vacuolar_protein_sortingassociated_protein_4
X.laevis_vps4b.L_vacuolar_protein_sorting_4_homolog_B_L_homeolog_	35.294	85	47	3	7.11e-04	45.1	X.laevis_vps4b.L_vacuolar_protein_sorting_4_homolog_B_L_homeolog_
S.salar_LOC106560901_vacuolar_protein_sortingassociated_protein_4	35.294	85	47	3	7.11e-04	45.1	S.salar_LOC106560901_vacuolar_protein_sortingassociated_protein_4
C.mydas_VPS4A_vacuolar_protein_sortingassociated_protein_4A_isofo	35.294	85	47	3	7.19e-04	45.4	C.mydas_VPS4A_vacuolar_protein_sortingassociated_protein_4A_isofo
S.salar_LOC106599662_vacuolar_protein_sortingassociated_protein_4	35.294	85	47	3	7.36e-04	45.4	S.salar_LOC106599662_vacuolar_protein_sortingassociated_protein_4
G.aculeatus_yme1l1a_ATPdependent_zinc_metalloprotease_YME1L1_isof	26.415	212	103	10	0.001	45.1	G.aculeatus_yme1l1a_ATPdependent_zinc_metalloprotease_YME1L1_isof
H.sapiens_SPATA5_ATPase_family_protein_2_homolog_isoform_X1	28.877	187	99	12	0.001	44.7	H.sapiens_SPATA5_ATPase_family_protein_2_homolog_isoform_X1
C.carcharias_LOC121280134_vacuolar_protein_sortingassociated_prot	35.294	85	47	3	0.002	43.9	C.carcharias_LOC121280134_vacuolar_protein_sortingassociated_prot
C.carcharias_yme1l1b_ATPdependent_zinc_metalloprotease_YME1L1b_is	26.442	208	108	10	0.002	43.9	C.carcharias_yme1l1b_ATPdependent_zinc_metalloprotease_YME1L1b_is
G.aculeatus_LOC120814872_vacuolar_protein_sortingassociated_prote	34.118	85	48	3	0.002	43.5	G.aculeatus_LOC120814872_vacuolar_protein_sortingassociated_prote
S.townsendi_NVL_nuclear_valosincontaining_proteinlike_isoform_X1	29.245	106	69	3	0.003	43.5	S.townsendi_NVL_nuclear_valosincontaining_proteinlike_isoform_X1
D.rerio_vps4b_vacuolar_protein_sortingassociated_protein_4B_isofo	34.118	85	48	3	0.004	43.1	D.rerio_vps4b_vacuolar_protein_sortingassociated_protein_4B_isofo
C.mydas_NVL_nuclear_valosincontaining_proteinlike	29.245	106	69	3	0.004	43.1	C.mydas_NVL_nuclear_valosincontaining_proteinlike
E.caballus_NVL_nuclear_valosincontaining_proteinlike_isoform_X1	30.081	123	70	5	0.005	42.7	E.caballus_NVL_nuclear_valosincontaining_proteinlike_isoform_X1
C.carcharias_spg7_paraplegin	55.263	38	15	1	0.006	42.7	C.carcharias_spg7_paraplegin
G.gallus_NVL_nuclear_valosincontaining_proteinlike_isoform_1	29.245	106	69	3	0.006	42.4	G.gallus_NVL_nuclear_valosincontaining_proteinlike_isoform_1
X.laevis_spata5.L_ATPase_family_protein_2_homolog	67.857	28	9	0	0.006	42.4	X.laevis_spata5.L_ATPase_family_protein_2_homolog
X.laevis_nvl.L_nuclear_valosincontaining_proteinlike	27.928	111	74	3	0.006	42.4	X.laevis_nvl.L_nuclear_valosincontaining_proteinlike
X.laevis_spg7.L_paraplegin	55.263	38	15	1	0.007	42.4	X.laevis_spg7.L_paraplegin
H.sapiens_SPATA5L1_spermatogenesisassociated_protein_5like_protei	28.492	179	94	6	0.007	42.4	H.sapiens_SPATA5L1_spermatogenesisassociated_protein_5like_protei
C.mydas_SPG7_paraplegin_isoform_X1	55.263	38	15	1	0.007	42.4	C.mydas_SPG7_paraplegin_isoform_X1
D.rerio_nvl_nuclear_valosincontaining_proteinlike	27.358	106	71	3	0.008	42.4	D.rerio_nvl_nuclear_valosincontaining_proteinlike
F.catus_SPATA5_ATPase_family_protein_2_homolog_isoform_X2	43.077	65	33	3	0.008	42.0	F.catus_SPATA5_ATPase_family_protein_2_homolog_isoform_X2
E.caballus_SPATA5_spermatogenesisassociated_protein_5_isoform_X1	43.077	65	33	3	0.009	42.0	E.caballus_SPATA5_spermatogenesisassociated_protein_5_isoform_X1
C.mydas_SPATA5_ATPase_family_protein_2_homolog_isoform_X1	43.103	58	30	2	0.009	42.0	C.mydas_SPATA5_ATPase_family_protein_2_homolog_isoform_X1
H.sapiens_NVL_nuclear_valosincontaining_proteinlike_isoform_4	28.302	106	70	3	0.009	42.0	H.sapiens_NVL_nuclear_valosincontaining_proteinlike_isoform_4
D.rerio_spg7_paraplegin_isoform_X1	60.000	35	12	1	0.009	42.0	D.rerio_spg7_paraplegin_isoform_X1
D.rerio_spg7_paraplegin_isoform_X1	60.000	35	12	1	0.009	42.0	D.rerio_spg7_paraplegin_isoform_X1
G.gallus_SPG7_paraplegin	55.263	38	15	1	0.010	42.0	G.gallus_SPG7_paraplegin
S.townsendi_TRIP13_pachytene_checkpoint_protein_2_homolog_isoform	58.621	29	12	0	0.010	40.4	S.townsendi_TRIP13_pachytene_checkpoint_protein_2_homolog_isoform
S.townsendi_SPG7_paraplegin_isoform_X1	55.263	38	15	1	0.010	42.0	S.townsendi_SPG7_paraplegin_isoform_X1
D.rerio_spg7_paraplegin_isoform_X1	60.000	35	12	1	0.010	42.0	D.rerio_spg7_paraplegin_isoform_X1
S.salar_LOC106562177_parapleginlike	55.263	38	15	1	0.011	41.6	S.salar_LOC106562177_parapleginlike
S.salar_LOC106578778_spastin_isoform_X2	36.585	82	43	2	0.011	41.6	S.salar_LOC106578778_spastin_isoform_X2
F.catus_NVL_nuclear_valosincontaining_proteinlike_isoform_X3	28.302	106	70	3	0.012	41.6	F.catus_NVL_nuclear_valosincontaining_proteinlike_isoform_X3
S.townsendi_SPATA5_ATPase_family_protein_2_homolog_isoform_X2	55.000	40	16	1	0.012	41.6	S.townsendi_SPATA5_ATPase_family_protein_2_homolog_isoform_X2
G.aculeatus_spg7_paraplegin_isoform_X1	55.263	38	15	1	0.012	41.6	G.aculeatus_spg7_paraplegin_isoform_X1
S.salar_LOC106587257_parapleginlike_isoform_X1	55.263	38	15	1	0.013	41.6	S.salar_LOC106587257_parapleginlike_isoform_X1
X.laevis_trip13.L_pachytene_checkpoint_protein_2_homolog	34.286	70	43	1	0.014	41.2	X.laevis_trip13.L_pachytene_checkpoint_protein_2_homolog
G.gallus_SPATA5_ATPase_family_protein_2_homolog_isoform_X6	57.500	40	16	1	0.019	41.2	G.gallus_SPATA5_ATPase_family_protein_2_homolog_isoform_X6
G.gallus_TRIP13_pachytene_checkpoint_protein_2_homolog	54.839	31	14	0	0.020	40.4	G.gallus_TRIP13_pachytene_checkpoint_protein_2_homolog
C.carcharias_spast_spastin_isoform_X1	43.636	55	24	1	0.021	40.8	C.carcharias_spast_spastin_isoform_X1
S.salar_LOC106564821_spastinlike_isoform_X2	35.366	82	44	2	0.024	40.4	S.salar_LOC106564821_spastinlike_isoform_X2
E.caballus_SPAST_spastin_isoform_X2	35.366	82	44	2	0.025	40.4	E.caballus_SPAST_spastin_isoform_X2
F.catus_SPAST_spastin_isoform_X4	35.366	82	44	2	0.025	40.4	F.catus_SPAST_spastin_isoform_X4
S.salar_LOC106569430_transitional_endoplasmic_reticulum_ATPase	42.105	57	28	2	0.027	40.4	S.salar_LOC106569430_transitional_endoplasmic_reticulum_ATPase
D.rerio_vcp_transitional_endoplasmic_reticulum_ATPase	42.105	57	28	2	0.028	40.4	D.rerio_vcp_transitional_endoplasmic_reticulum_ATPase
D.rerio_vcp_transitional_endoplasmic_reticulum_ATPase	42.105	57	28	2	0.028	40.4	D.rerio_vcp_transitional_endoplasmic_reticulum_ATPase
X.laevis_afg3l1p.S_AFG3like_protein_1_isoform_X4	55.263	38	15	1	0.028	40.4	X.laevis_afg3l1p.S_AFG3like_protein_1_isoform_X4
S.salar_LOC123743208_pachytene_checkpoint_protein_2_homolog_isofo	58.621	29	12	0	0.029	40.0	S.salar_LOC123743208_pachytene_checkpoint_protein_2_homolog_isofo
S.salar_LOC106590995_pachytene_checkpoint_protein_2_homolog_isofo	58.621	29	12	0	0.029	40.0	S.salar_LOC106590995_pachytene_checkpoint_protein_2_homolog_isofo
D.rerio_spata5_spermatogenesisassociated_protein_5	39.130	69	38	3	0.029	40.4	D.rerio_spata5_spermatogenesisassociated_protein_5
H.sapiens_PEX1_peroxisome_biogenesis_factor_1_isoform_2	30.097	103	64	3	0.030	40.4	H.sapiens_PEX1_peroxisome_biogenesis_factor_1_isoform_2
S.salar_LOC106585012_transitional_endoplasmic_reticulum_ATPase	42.105	57	28	2	0.030	40.4	S.salar_LOC106585012_transitional_endoplasmic_reticulum_ATPase
G.aculeatus_LOC120830124_transitional_endoplasmic_reticulum_ATPas	42.105	57	28	2	0.030	40.4	G.aculeatus_LOC120830124_transitional_endoplasmic_reticulum_ATPas
C.carcharias_spata5_ATPase_family_protein_2_homolog_isoform_X3	42.553	47	25	1	0.030	40.4	C.carcharias_spata5_ATPase_family_protein_2_homolog_isoform_X3
S.salar_LOC106580383_transitional_endoplasmic_reticulum_ATPase	42.105	57	28	2	0.030	40.4	S.salar_LOC106580383_transitional_endoplasmic_reticulum_ATPase
S.salar_LOC106562928_transitional_endoplasmic_reticulum_ATPase_is	42.105	57	28	2	0.030	40.4	S.salar_LOC106562928_transitional_endoplasmic_reticulum_ATPase_is
E.caballus_VCP_transitional_endoplasmic_reticulum_ATPase	42.105	57	28	2	0.030	40.4	E.caballus_VCP_transitional_endoplasmic_reticulum_ATPase
G.gallus_VCP_transitional_endoplasmic_reticulum_ATPase	42.105	57	28	2	0.030	40.4	G.gallus_VCP_transitional_endoplasmic_reticulum_ATPase
F.catus_SPG7_paraplegin_isoform_X1	52.632	38	16	1	0.030	40.4	F.catus_SPG7_paraplegin_isoform_X1
S.salar_LOC106564263_transitional_endoplasmic_reticulum_ATPaselik	42.105	57	28	2	0.031	40.4	S.salar_LOC106564263_transitional_endoplasmic_reticulum_ATPaselik
S.salar_LOC106591663_transitional_endoplasmic_reticulum_ATPase	42.105	57	28	2	0.031	40.4	S.salar_LOC106591663_transitional_endoplasmic_reticulum_ATPase
G.gallus_LOC430766_transitional_endoplasmic_reticulum_ATPase_isof	42.105	57	28	2	0.031	40.4	G.gallus_LOC430766_transitional_endoplasmic_reticulum_ATPase_isof
F.catus_VCP_transitional_endoplasmic_reticulum_ATPase_isoform_X1	42.105	57	28	2	0.031	40.4	F.catus_VCP_transitional_endoplasmic_reticulum_ATPase_isoform_X1
C.mydas_SPATA5L1_spermatogenesisassociated_protein_5like_protein_	41.818	55	27	3	0.031	40.0	C.mydas_SPATA5L1_spermatogenesisassociated_protein_5like_protein_
C.mydas_LOC102947293_transitional_endoplasmic_reticulum_ATPase	42.105	57	28	2	0.031	40.0	C.mydas_LOC102947293_transitional_endoplasmic_reticulum_ATPase
S.salar_spata5_ATPase_family_protein_2_homolog_isoform_X1	41.379	58	31	2	0.032	40.4	S.salar_spata5_ATPase_family_protein_2_homolog_isoform_X1
H.sapiens_VCP_transitional_endoplasmic_reticulum_ATPase_isoform_1	42.105	57	28	2	0.032	40.0	H.sapiens_VCP_transitional_endoplasmic_reticulum_ATPase_isoform_1
X.laevis_vcp.S_transitional_endoplasmic_reticulum_ATPase	42.105	57	28	2	0.032	40.0	X.laevis_vcp.S_transitional_endoplasmic_reticulum_ATPase
C.carcharias_LOC121292851_transitional_endoplasmic_reticulum_ATPa	42.105	57	28	2	0.033	40.0	C.carcharias_LOC121292851_transitional_endoplasmic_reticulum_ATPa
X.laevis_afg3l2.L_AFG3like_protein_1_isoform_X1	55.263	38	15	1	0.033	40.0	X.laevis_afg3l2.L_AFG3like_protein_1_isoform_X1
G.aculeatus_trip13_pachytene_checkpoint_protein_2_homolog_isoform	58.621	29	12	0	0.033	40.0	G.aculeatus_trip13_pachytene_checkpoint_protein_2_homolog_isoform
S.townsendi_LOC125436419_transitional_endoplasmic_reticulum_ATPas	42.105	57	28	2	0.033	40.0	S.townsendi_LOC125436419_transitional_endoplasmic_reticulum_ATPas
X.laevis_vcp.L_transitional_endoplasmic_reticulum_ATPase	42.105	57	28	2	0.034	40.0	X.laevis_vcp.L_transitional_endoplasmic_reticulum_ATPase
S.salar_LOC106586197_spastinlike_isoform_X1	34.118	85	47	2	0.035	40.0	S.salar_LOC106586197_spastinlike_isoform_X1
C.mydas_LOC102930670_transitional_endoplasmic_reticulum_ATPase_is	42.105	57	28	2	0.035	40.0	C.mydas_LOC102930670_transitional_endoplasmic_reticulum_ATPase_is
S.townsendi_LOC125429043_transitional_endoplasmic_reticulum_ATPas	42.105	57	28	2	0.035	40.0	S.townsendi_LOC125429043_transitional_endoplasmic_reticulum_ATPas
C.mydas_TRIP13_pachytene_checkpoint_protein_2_homolog_isoform_X2	54.839	31	14	0	0.035	40.0	C.mydas_TRIP13_pachytene_checkpoint_protein_2_homolog_isoform_X2
C.carcharias_LOC121271367_transitional_endoplasmic_reticulum_ATPa	42.105	57	28	2	0.035	40.0	C.carcharias_LOC121271367_transitional_endoplasmic_reticulum_ATPa
G.gallus_SPAST_spastin_isoform_X5	35.366	82	44	2	0.036	40.0	G.gallus_SPAST_spastin_isoform_X5
D.rerio_zgc:136908_Transitional_endoplasmic_reticulum_ATPase	42.105	57	28	2	0.039	40.0	D.rerio_zgc:136908_Transitional_endoplasmic_reticulum_ATPase
C.carcharias_LOC121277974_katanin_p60_ATPasecontaining_subunit_A1	47.222	36	19	0	0.041	39.7	C.carcharias_LOC121277974_katanin_p60_ATPasecontaining_subunit_A1
G.aculeatus_spata5l1_spermatogenesisassociated_protein_5like_prot	26.794	209	110	10	0.041	39.7	G.aculeatus_spata5l1_spermatogenesisassociated_protein_5like_prot
C.carcharias_trip13_pachytene_checkpoint_protein_2_homolog	68.000	25	8	0	0.042	39.7	C.carcharias_trip13_pachytene_checkpoint_protein_2_homolog
S.salar_LOC106576956_nuclear_valosincontaining_proteinlike	29.630	108	67	4	0.044	39.7	S.salar_LOC106576956_nuclear_valosincontaining_proteinlike
X.laevis_katnal1.S_katanin_p60_ATPasecontaining_subunit_Alike_1	47.222	36	19	0	0.046	39.7	X.laevis_katnal1.S_katanin_p60_ATPasecontaining_subunit_Alike_1
C.carcharias_katnal1_katanin_p60_ATPasecontaining_subunit_Alike_1	47.222	36	19	0	0.046	39.7	C.carcharias_katnal1_katanin_p60_ATPasecontaining_subunit_Alike_1
E.caballus_SPG7_paraplegin_isoform_X1	52.632	38	16	1	0.047	39.7	E.caballus_SPG7_paraplegin_isoform_X1
E.caballus_KATNAL1_katanin_p60_ATPasecontaining_subunit_Alike_1_i	47.222	36	19	0	0.047	39.7	E.caballus_KATNAL1_katanin_p60_ATPasecontaining_subunit_Alike_1_i
G.aculeatus_nvl_nuclear_valosincontaining_proteinlike_isoform_X3	29.630	108	67	4	0.048	39.7	G.aculeatus_nvl_nuclear_valosincontaining_proteinlike_isoform_X3
D.rerio_katnal1_katanin_p60_ATPasecontaining_subunit_Alike_1	47.222	36	19	0	0.048	39.3	D.rerio_katnal1_katanin_p60_ATPasecontaining_subunit_Alike_1
C.carcharias_atad5a_ATPase_family_AAA_domaincontaining_protein_5	69.231	26	8	0	0.048	39.7	C.carcharias_atad5a_ATPase_family_AAA_domaincontaining_protein_5
H.sapiens_TRIP13_pachytene_checkpoint_protein_2_homolog_isoform_1	68.000	25	8	0	0.048	39.3	H.sapiens_TRIP13_pachytene_checkpoint_protein_2_homolog_isoform_1
H.sapiens_KATNAL1_katanin_p60_ATPasecontaining_subunit_Alike_1_is	47.222	36	19	0	0.050	39.3	H.sapiens_KATNAL1_katanin_p60_ATPasecontaining_subunit_Alike_1_is
F.catus_KATNAL1_katanin_p60_ATPasecontaining_subunit_Alike_1_isof	47.222	36	19	0	0.050	39.3	F.catus_KATNAL1_katanin_p60_ATPasecontaining_subunit_Alike_1_isof
C.mydas_KATNAL1_katanin_p60_ATPasecontaining_subunit_Alike_1	47.222	36	19	0	0.051	39.3	C.mydas_KATNAL1_katanin_p60_ATPasecontaining_subunit_Alike_1
G.aculeatus_katnal1_katanin_p60_ATPasecontaining_subunit_Alike_1	47.222	36	19	0	0.051	39.3	G.aculeatus_katnal1_katanin_p60_ATPasecontaining_subunit_Alike_1
E.caballus_TRIP13_pachytene_checkpoint_protein_2_homolog	68.000	25	8	0	0.052	39.3	E.caballus_TRIP13_pachytene_checkpoint_protein_2_homolog
H.sapiens_SPG7_paraplegin_isoform_1_precursor	52.632	38	16	1	0.053	39.7	H.sapiens_SPG7_paraplegin_isoform_1_precursor
G.aculeatus_spast_spastin_isoform_X2	41.379	58	27	1	0.055	39.3	G.aculeatus_spast_spastin_isoform_X2
G.gallus_KATNAL1_katanin_p60_ATPasecontaining_subunit_Alike_1_iso	47.222	36	19	0	0.058	39.3	G.gallus_KATNAL1_katanin_p60_ATPasecontaining_subunit_Alike_1_iso
E.caballus_PEX1_peroxisome_biogenesis_factor_1_isoform_X2	31.068	103	63	3	0.060	39.3	E.caballus_PEX1_peroxisome_biogenesis_factor_1_isoform_X2
H.sapiens_SPAST_spastin_isoform_1	34.146	82	45	2	0.060	39.3	H.sapiens_SPAST_spastin_isoform_1
F.catus_TRIP13_pachytene_checkpoint_protein_2_homolog_isoform_X3	68.000	25	8	0	0.060	38.9	F.catus_TRIP13_pachytene_checkpoint_protein_2_homolog_isoform_X3
X.laevis_LOC108702864_ATPase_family_AAA_domaincontaining_protein_	69.231	26	8	0	0.065	39.3	X.laevis_LOC108702864_ATPase_family_AAA_domaincontaining_protein_
X.laevis_LOC121396601_26S_proteasome_regulatory_subunit_6Blike_is	38.462	65	34	2	0.067	38.9	X.laevis_LOC121396601_26S_proteasome_regulatory_subunit_6Blike_is
S.salar_katnal1_katanin_p60_ATPasecontaining_subunit_Alike_1	47.222	36	19	0	0.067	38.9	S.salar_katnal1_katanin_p60_ATPasecontaining_subunit_Alike_1
C.mydas_SPAST_spastin_isoform_X1	35.366	82	44	2	0.074	38.9	C.mydas_SPAST_spastin_isoform_X1
F.catus_PEX1_peroxisome_biogenesis_factor_1_isoform_X1	29.524	105	66	3	0.074	39.3	F.catus_PEX1_peroxisome_biogenesis_factor_1_isoform_X1
X.laevis_atad5.L_ATPase_family_AAA_domaincontaining_protein_5_iso	69.231	26	8	0	0.076	39.3	X.laevis_atad5.L_ATPase_family_AAA_domaincontaining_protein_5_iso
X.laevis_spast.S_spastin_isoform_X1	41.818	55	25	1	0.078	38.9	X.laevis_spast.S_spastin_isoform_X1
X.laevis_spast.L_spastin_isoform_X2	41.818	55	25	1	0.082	38.9	X.laevis_spast.L_spastin_isoform_X2
S.salar_LOC106579324_vesiclefusing_ATPase	40.351	57	30	2	0.083	38.9	S.salar_LOC106579324_vesiclefusing_ATPase
D.rerio_spast_spastin_isoform_X1	34.146	82	45	2	0.084	38.9	D.rerio_spast_spastin_isoform_X1
X.laevis_katnal1.L_katanin_p60_ATPasecontaining_subunit_Alike_1_i	44.444	36	20	0	0.087	38.5	X.laevis_katnal1.L_katanin_p60_ATPasecontaining_subunit_Alike_1_i
E.caballus_SPATA5L1_spermatogenesisassociated_protein_5like_prote	27.374	179	98	5	0.091	38.9	E.caballus_SPATA5L1_spermatogenesisassociated_protein_5like_prote
F.catus_SPATA5L1_spermatogenesisassociated_protein_5like_protein_	36.250	80	44	2	0.092	38.9	F.catus_SPATA5L1_spermatogenesisassociated_protein_5like_protein_
X.laevis_fign.L_fidgetin_isoform_X1	34.783	69	38	2	0.10	38.5	X.laevis_fign.L_fidgetin_isoform_X1
S.townsendi_SPAST_spastin_isoform_X4	41.818	55	25	1	0.10	38.5	S.townsendi_SPAST_spastin_isoform_X4
C.carcharias_afg3l2_AFG3like_protein_2	52.632	38	16	1	0.11	38.5	C.carcharias_afg3l2_AFG3like_protein_2
S.salar_LOC106562288_AFG3like_protein_1	52.632	38	16	1	0.11	38.5	S.salar_LOC106562288_AFG3like_protein_1
X.laevis_katna1.S_katanin_p60_ATPasecontaining_subunit_A1	51.515	33	16	0	0.11	38.1	X.laevis_katna1.S_katanin_p60_ATPasecontaining_subunit_A1
H.sapiens_AFG3L2_AFG3like_protein_2_isoform_X1	52.632	38	16	1	0.11	38.5	H.sapiens_AFG3L2_AFG3like_protein_2_isoform_X1
D.rerio_trip13_pachytene_checkpoint_protein_2_homolog_isoform_X1	55.172	29	13	0	0.12	38.1	D.rerio_trip13_pachytene_checkpoint_protein_2_homolog_isoform_X1
S.salar_katna1_katanin_p60_ATPasecontaining_subunit_A1_isoform_X2	51.515	33	16	0	0.12	38.1	S.salar_katna1_katanin_p60_ATPasecontaining_subunit_A1_isoform_X2
S.salar_LOC123724431_LOW_QUALITY_PROTEIN_chromosome_transmission_	29.032	124	71	3	0.12	38.5	S.salar_LOC123724431_LOW_QUALITY_PROTEIN_chromosome_transmission_
H.sapiens_KATNA1_katanin_p60_ATPasecontaining_subunit_A1_isoform_	51.515	33	16	0	0.12	38.1	H.sapiens_KATNA1_katanin_p60_ATPasecontaining_subunit_A1_isoform_
S.salar_LOC106587380_AFG3like_protein_1	52.632	38	16	1	0.12	38.5	S.salar_LOC106587380_AFG3like_protein_1
X.laevis_LOC108719188_AFG3like_protein_2	52.632	38	16	1	0.12	38.5	X.laevis_LOC108719188_AFG3like_protein_2
C.carcharias_LOC121280307_AFG3like_protein_2	52.632	38	16	1	0.12	38.5	C.carcharias_LOC121280307_AFG3like_protein_2
S.salar_LOC106608689_nuclear_valosincontaining_proteinlike	29.592	98	63	3	0.12	38.1	S.salar_LOC106608689_nuclear_valosincontaining_proteinlike
F.catus_AFG3L2_AFG3like_protein_2	52.632	38	16	1	0.12	38.5	F.catus_AFG3L2_AFG3like_protein_2
D.rerio_katna1_katanin_p60_ATPasecontaining_subunit_A1_isoform_X1	51.515	33	16	0	0.13	38.1	D.rerio_katna1_katanin_p60_ATPasecontaining_subunit_A1_isoform_X1
S.salar_LOC106584530_AFG3like_protein_1	52.632	38	16	1	0.13	38.1	S.salar_LOC106584530_AFG3like_protein_1
S.salar_LOC106589977_chromosome_transmission_fidelity_protein_18_	29.032	124	71	3	0.13	38.5	S.salar_LOC106589977_chromosome_transmission_fidelity_protein_18_
D.rerio_afg3l2_AFG3like_protein_2	52.632	38	16	1	0.13	38.1	D.rerio_afg3l2_AFG3like_protein_2
C.mydas_KATNA1_katanin_p60_ATPasecontaining_subunit_A1_isoform_X3	51.515	33	16	0	0.13	38.1	C.mydas_KATNA1_katanin_p60_ATPasecontaining_subunit_A1_isoform_X3
G.gallus_KATNA1_katanin_p60_ATPasecontaining_subunit_A1_isoform_X	51.515	33	16	0	0.13	38.1	G.gallus_KATNA1_katanin_p60_ATPasecontaining_subunit_A1_isoform_X
G.gallus_AFG3L2_AFG3like_protein_2_isoform_X1	52.632	38	16	1	0.13	38.1	G.gallus_AFG3L2_AFG3like_protein_2_isoform_X1
E.caballus_AFG3L2_AFG3like_protein_2_isoform_X1	52.632	38	16	1	0.13	38.1	E.caballus_AFG3L2_AFG3like_protein_2_isoform_X1
F.catus_KATNA1_katanin_p60_ATPasecontaining_subunit_A1	51.515	33	16	0	0.13	38.1	F.catus_KATNA1_katanin_p60_ATPasecontaining_subunit_A1
H.sapiens_PSMC1_26S_proteasome_regulatory_subunit_4_isoform_a	50.000	38	17	1	0.13	38.1	H.sapiens_PSMC1_26S_proteasome_regulatory_subunit_4_isoform_a
E.caballus_PSMC1_26S_proteasome_regulatory_subunit_4	50.000	38	17	1	0.13	38.1	E.caballus_PSMC1_26S_proteasome_regulatory_subunit_4
D.rerio_si:ch1073-174d20.2_AFG3like_protein_1	52.632	38	16	1	0.14	38.1	D.rerio_si:ch1073-174d20.2_AFG3like_protein_1
F.catus_PSMC1_26S_proteasome_regulatory_subunit_4	50.000	38	17	1	0.14	38.1	F.catus_PSMC1_26S_proteasome_regulatory_subunit_4
E.caballus_KATNA1_katanin_p60_ATPasecontaining_subunit_A1	51.515	33	16	0	0.14	38.1	E.caballus_KATNA1_katanin_p60_ATPasecontaining_subunit_A1
S.townsendi_PSMC1_26S_proteasome_regulatory_subunit_4_isoform_X1	50.000	38	17	1	0.14	37.7	S.townsendi_PSMC1_26S_proteasome_regulatory_subunit_4_isoform_X1
G.gallus_PSMC1_26S_proteasome_regulatory_subunit_4	50.000	38	17	1	0.14	37.7	G.gallus_PSMC1_26S_proteasome_regulatory_subunit_4
C.mydas_PSMC1_26S_proteasome_regulatory_subunit_4_isoform_X1	50.000	38	17	1	0.14	37.7	C.mydas_PSMC1_26S_proteasome_regulatory_subunit_4_isoform_X1
C.carcharias_spata5l1_spermatogenesisassociated_protein_5like_pro	67.857	28	9	0	0.14	38.1	C.carcharias_spata5l1_spermatogenesisassociated_protein_5like_pro
C.mydas_AFG3L2_AFG3like_protein_2_isoform_X3	52.632	38	16	1	0.14	38.1	C.mydas_AFG3L2_AFG3like_protein_2_isoform_X3
S.salar_afg3l2_AFG3like_protein_2_isoform_X1	52.632	38	16	1	0.14	38.1	S.salar_afg3l2_AFG3like_protein_2_isoform_X1
G.aculeatus_afg3l1_AFG3like_protein_1	52.632	38	16	1	0.15	38.1	G.aculeatus_afg3l1_AFG3like_protein_1
S.townsendi_KATNA1_katanin_p60_ATPasecontaining_subunit_A1_isofor	51.515	33	16	0	0.15	37.7	S.townsendi_KATNA1_katanin_p60_ATPasecontaining_subunit_A1_isofor
G.aculeatus_afg3l2_AFG3like_protein_2_isoform_X2	52.632	38	16	1	0.17	37.7	G.aculeatus_afg3l2_AFG3like_protein_2_isoform_X2
C.mydas_LOC102929869_AFG3like_protein_1_isoform_X1	52.632	38	16	1	0.17	37.7	C.mydas_LOC102929869_AFG3like_protein_1_isoform_X1
G.aculeatus_pex6_peroxisome_assembly_factor_2	38.158	76	41	3	0.17	37.7	G.aculeatus_pex6_peroxisome_assembly_factor_2
C.carcharias_chtf18_chromosome_transmission_fidelity_protein_18_h	41.379	58	32	1	0.17	37.7	C.carcharias_chtf18_chromosome_transmission_fidelity_protein_18_h
G.aculeatus_LOC120827465_vesiclefusing_ATPase_isoform_X2	40.351	57	30	2	0.18	37.7	G.aculeatus_LOC120827465_vesiclefusing_ATPase_isoform_X2
S.salar_LOC106561008_AFG3like_protein_1_isoform_X2	52.632	38	16	1	0.18	37.7	S.salar_LOC106561008_AFG3like_protein_1_isoform_X2
S.townsendi_AFG3L2_AFG3like_protein_2	52.632	38	16	1	0.18	37.7	S.townsendi_AFG3L2_AFG3like_protein_2
G.aculeatus_spata5_ATPase_family_protein_2_homolog_isoform_X1	65.385	26	9	0	0.19	37.7	G.aculeatus_spata5_ATPase_family_protein_2_homolog_isoform_X1
E.caballus_PSMC4_26S_proteasome_regulatory_subunit_6B	36.923	65	35	2	0.20	37.4	E.caballus_PSMC4_26S_proteasome_regulatory_subunit_6B
S.salar_prs6b_26S_protease_regulatory_subunit_6B	36.923	65	35	2	0.21	37.4	S.salar_prs6b_26S_protease_regulatory_subunit_6B
S.salar_LOC106589298_vesiclefusing_ATPase	38.596	57	31	2	0.21	37.7	S.salar_LOC106589298_vesiclefusing_ATPase
S.townsendi_PSMC4_26S_proteasome_regulatory_subunit_6B	36.923	65	35	2	0.21	37.4	S.townsendi_PSMC4_26S_proteasome_regulatory_subunit_6B
C.carcharias_LOC121274029_26S_proteasome_regulatory_subunit_6Blik	36.364	66	36	2	0.21	37.4	C.carcharias_LOC121274029_26S_proteasome_regulatory_subunit_6Blik
H.sapiens_PSMC4_26S_proteasome_regulatory_subunit_6B_isoform_1	36.923	65	35	2	0.21	37.4	H.sapiens_PSMC4_26S_proteasome_regulatory_subunit_6B_isoform_1
H.sapiens_PSMC4_26S_proteasome_regulatory_subunit_6B_isoform_1	36.923	65	35	2	0.21	37.4	H.sapiens_PSMC4_26S_proteasome_regulatory_subunit_6B_isoform_1
F.catus_PSMC4_26S_proteasome_regulatory_subunit_6B	36.923	65	35	2	0.21	37.4	F.catus_PSMC4_26S_proteasome_regulatory_subunit_6B
G.aculeatus_psmc4_26S_proteasome_regulatory_subunit_6B_isoform_X1	36.923	65	35	2	0.22	37.4	G.aculeatus_psmc4_26S_proteasome_regulatory_subunit_6B_isoform_X1
X.laevis_psmc4.L_proteasome_26S_ATPase_subunit_4_isoform_1	36.923	65	35	2	0.22	37.4	X.laevis_psmc4.L_proteasome_26S_ATPase_subunit_4_isoform_1
S.salar_LOC106605234_26S_proteasome_regulatory_subunit_6B	36.923	65	35	2	0.22	37.4	S.salar_LOC106605234_26S_proteasome_regulatory_subunit_6B
D.rerio_psmc4_26S_proteasome_regulatory_subunit_6B	36.923	65	35	2	0.23	37.4	D.rerio_psmc4_26S_proteasome_regulatory_subunit_6B
D.rerio_psmc4_26S_proteasome_regulatory_subunit_6B	36.923	65	35	2	0.23	37.4	D.rerio_psmc4_26S_proteasome_regulatory_subunit_6B
S.salar_LOC106564654_ATPase_family_AAA_domaincontaining_protein_5	65.385	26	9	0	0.24	37.4	S.salar_LOC106564654_ATPase_family_AAA_domaincontaining_protein_5
X.laevis_psmc4.S_26S_proteasome_regulatory_subunit_6B_isoform_X1	36.923	65	35	2	0.24	37.0	X.laevis_psmc4.S_26S_proteasome_regulatory_subunit_6B_isoform_X1
S.salar_LOC106562499_spermatogenesisassociated_protein_5like_prot	40.351	57	31	2	0.26	37.4	S.salar_LOC106562499_spermatogenesisassociated_protein_5like_prot
G.gallus_LOC112531384_26S_proteasome_regulatory_subunit_6B_isofor	36.923	65	35	2	0.27	37.0	G.gallus_LOC112531384_26S_proteasome_regulatory_subunit_6B_isofor
G.gallus_PSMC6_26S_proteasome_regulatory_subunit_10B	39.655	58	30	2	0.29	37.0	G.gallus_PSMC6_26S_proteasome_regulatory_subunit_10B
H.sapiens_PSMC6_26S_proteasome_regulatory_subunit_10B_isoform_1	39.655	58	30	2	0.29	37.0	H.sapiens_PSMC6_26S_proteasome_regulatory_subunit_10B_isoform_1
D.rerio_psmc6_26S_proteasome_regulatory_subunit_10B	39.655	58	30	2	0.30	36.6	D.rerio_psmc6_26S_proteasome_regulatory_subunit_10B
D.rerio_psmc6_26S_proteasome_regulatory_subunit_10B	39.655	58	30	2	0.30	36.6	D.rerio_psmc6_26S_proteasome_regulatory_subunit_10B
D.rerio_psmc6_26S_proteasome_regulatory_subunit_10B	39.655	58	30	2	0.30	36.6	D.rerio_psmc6_26S_proteasome_regulatory_subunit_10B
X.laevis_psmc6.S_proteasome_26S_subunit_ATPase_6_S_homeolog	39.655	58	30	2	0.31	36.6	X.laevis_psmc6.S_proteasome_26S_subunit_ATPase_6_S_homeolog
S.salar_LOC106587677_spermatogenesisassociated_protein_5like_prot	40.351	57	31	2	0.31	37.0	S.salar_LOC106587677_spermatogenesisassociated_protein_5like_prot
S.salar_psmc5_26S_proteasome_regulatory_subunit_8	50.000	38	17	1	0.31	36.6	S.salar_psmc5_26S_proteasome_regulatory_subunit_8
G.aculeatus_psmc6_26S_proteasome_regulatory_subunit_10B	39.655	58	30	2	0.31	36.6	G.aculeatus_psmc6_26S_proteasome_regulatory_subunit_10B
G.aculeatus_psmc5_26S_proteasome_regulatory_subunit_8	50.000	38	17	1	0.32	36.6	G.aculeatus_psmc5_26S_proteasome_regulatory_subunit_8
S.salar_prs8_26S_protease_regulatory_subunit_8	50.000	38	17	1	0.32	36.6	S.salar_prs8_26S_protease_regulatory_subunit_8
G.gallus_ATAD5_ATPase_family_AAA_domaincontaining_protein_5	65.385	26	9	0	0.32	37.0	G.gallus_ATAD5_ATPase_family_AAA_domaincontaining_protein_5
C.carcharias_psmc6_26S_proteasome_regulatory_subunit_10B	39.655	58	30	2	0.33	36.6	C.carcharias_psmc6_26S_proteasome_regulatory_subunit_10B
S.townsendi_LOC125425534_katanin_p60_ATPasecontaining_subunit_Ali	63.636	22	8	0	0.33	34.3	S.townsendi_LOC125425534_katanin_p60_ATPasecontaining_subunit_Ali
D.rerio_pex1_peroxisome_biogenesis_factor_1	45.455	55	27	2	0.33	37.0	D.rerio_pex1_peroxisome_biogenesis_factor_1
C.mydas_PSMC6_26S_proteasome_regulatory_subunit_10B_isoform_X1	39.655	58	30	2	0.34	36.6	C.mydas_PSMC6_26S_proteasome_regulatory_subunit_10B_isoform_X1
F.catus_PSMC6_26S_proteasome_regulatory_subunit_10B_isoform_X1	39.655	58	30	2	0.34	36.6	F.catus_PSMC6_26S_proteasome_regulatory_subunit_10B_isoform_X1
E.caballus_PSMC6_26S_proteasome_regulatory_subunit_10B	39.655	58	30	2	0.34	36.6	E.caballus_PSMC6_26S_proteasome_regulatory_subunit_10B
C.carcharias_psmc5_26S_proteasome_regulatory_subunit_8	50.000	38	17	1	0.35	36.6	C.carcharias_psmc5_26S_proteasome_regulatory_subunit_8
D.rerio_psmc5_26S_proteasome_regulatory_subunit_8	50.000	38	17	1	0.35	36.6	D.rerio_psmc5_26S_proteasome_regulatory_subunit_8
X.laevis_psmc6.L_26S_proteasome_regulatory_subunit_10B	39.655	58	30	2	0.36	36.6	X.laevis_psmc6.L_26S_proteasome_regulatory_subunit_10B
S.townsendi_PSMC5_26S_proteasome_regulatory_subunit_8	50.000	38	17	1	0.37	36.6	S.townsendi_PSMC5_26S_proteasome_regulatory_subunit_8
F.catus_ATAD2B_ATPase_family_AAA_domaincontaining_protein_2B_isof	38.596	57	32	1	0.38	37.0	F.catus_ATAD2B_ATPase_family_AAA_domaincontaining_protein_2B_isof
X.laevis_spata5l1.L_spermatogenesisassociated_protein_5like_prote	38.182	55	29	2	0.38	36.6	X.laevis_spata5l1.L_spermatogenesisassociated_protein_5like_prote
X.laevis_fign.S_fidgetin_isoform_X3	43.182	44	20	1	0.38	36.6	X.laevis_fign.S_fidgetin_isoform_X3
D.rerio_atad5b_ATPase_family_AAA_domaincontaining_protein_5b	65.385	26	9	0	0.38	37.0	D.rerio_atad5b_ATPase_family_AAA_domaincontaining_protein_5b
G.aculeatus_LOC120826128_LOW_QUALITY_PROTEIN_fidgetinlike	30.108	93	57	3	0.39	36.6	G.aculeatus_LOC120826128_LOW_QUALITY_PROTEIN_fidgetinlike
D.rerio_atad5b_ATPase_family_AAA_domaincontaining_protein_5b	65.385	26	9	0	0.39	36.6	D.rerio_atad5b_ATPase_family_AAA_domaincontaining_protein_5b
H.sapiens_RFC1_replication_factor_C_subunit_1_isoform_X2	60.000	25	10	0	0.39	37.0	H.sapiens_RFC1_replication_factor_C_subunit_1_isoform_X2
F.catus_PSMC5_26S_proteasome_regulatory_subunit_8_isoform_X1	50.000	38	17	1	0.40	36.6	F.catus_PSMC5_26S_proteasome_regulatory_subunit_8_isoform_X1
X.laevis_LOC108717631_peroxisome_assembly_factor_2	35.526	76	43	3	0.40	36.6	X.laevis_LOC108717631_peroxisome_assembly_factor_2
D.rerio_atad5b_ATPase_family_AAA_domaincontaining_protein_5b	65.385	26	9	0	0.40	36.6	D.rerio_atad5b_ATPase_family_AAA_domaincontaining_protein_5b
X.laevis_psmc5.S_26S_proteasome_regulatory_subunit_8	50.000	38	17	1	0.40	36.6	X.laevis_psmc5.S_26S_proteasome_regulatory_subunit_8
H.sapiens_ATAD2B_ATPase_family_AAA_domaincontaining_protein_2B_is	38.596	57	32	1	0.40	37.0	H.sapiens_ATAD2B_ATPase_family_AAA_domaincontaining_protein_2B_is
G.aculeatus_LOC120825749_transitional_endoplasmic_reticulum_ATPas	36.842	57	34	1	0.40	36.6	G.aculeatus_LOC120825749_transitional_endoplasmic_reticulum_ATPas
H.sapiens_PSMC5_26S_proteasome_regulatory_subunit_8_isoform_1	50.000	38	17	1	0.40	36.6	H.sapiens_PSMC5_26S_proteasome_regulatory_subunit_8_isoform_1
E.caballus_PSMC5_26S_proteasome_regulatory_subunit_8_isoform_X1	50.000	38	17	1	0.40	36.6	E.caballus_PSMC5_26S_proteasome_regulatory_subunit_8_isoform_X1
F.catus_RFC1_replication_factor_C_subunit_1	60.000	25	10	0	0.41	36.6	F.catus_RFC1_replication_factor_C_subunit_1
G.aculeatus_katna1_katanin_p60_ATPasecontaining_subunit_A1	50.000	32	16	0	0.41	36.6	G.aculeatus_katna1_katanin_p60_ATPasecontaining_subunit_A1
C.mydas_ATAD2B_ATPase_family_AAA_domaincontaining_protein_2B_isof	38.596	57	32	1	0.42	36.6	C.mydas_ATAD2B_ATPase_family_AAA_domaincontaining_protein_2B_isof
E.caballus_RFC1_replication_factor_C_subunit_1_isoform_X1	60.000	25	10	0	0.42	36.6	E.caballus_RFC1_replication_factor_C_subunit_1_isoform_X1
G.gallus_PSMC5_26S_proteasome_regulatory_subunit_8	50.000	38	17	1	0.42	36.2	G.gallus_PSMC5_26S_proteasome_regulatory_subunit_8
S.townsendi_TP53BP1_TP53binding_protein_1_isoform_X1	28.889	90	56	2	0.43	36.6	S.townsendi_TP53BP1_TP53binding_protein_1_isoform_X1
C.mydas_CHTF18_chromosome_transmission_fidelity_protein_18_homolo	38.983	59	34	1	0.43	36.6	C.mydas_CHTF18_chromosome_transmission_fidelity_protein_18_homolo
C.mydas_PSMC5_26S_proteasome_regulatory_subunit_8	50.000	38	17	1	0.43	36.2	C.mydas_PSMC5_26S_proteasome_regulatory_subunit_8
E.caballus_ATAD2B_ATPase_family_AAA_domaincontaining_protein_2B_i	38.596	57	32	1	0.43	36.6	E.caballus_ATAD2B_ATPase_family_AAA_domaincontaining_protein_2B_i
X.laevis_psmc5.L_proteasome_26S_subunit_ATPase_5_L_homeolog	50.000	38	17	1	0.44	36.2	X.laevis_psmc5.L_proteasome_26S_subunit_ATPase_5_L_homeolog
S.townsendi_LOC125424982_outer_mitochondrial_transmembrane_helix_	60.714	28	11	0	0.45	35.8	S.townsendi_LOC125424982_outer_mitochondrial_transmembrane_helix_
G.gallus_ATAD2B_ATPase_family_AAA_domaincontaining_protein_2B_iso	38.596	57	32	1	0.45	36.6	G.gallus_ATAD2B_ATPase_family_AAA_domaincontaining_protein_2B_iso
S.townsendi_RFC1_replication_factor_C_subunit_1_isoform_X1	45.000	40	15	1	0.48	36.6	S.townsendi_RFC1_replication_factor_C_subunit_1_isoform_X1
C.carcharias_atad2b_ATPase_family_AAA_domaincontaining_protein_2B	40.000	50	27	1	0.49	36.6	C.carcharias_atad2b_ATPase_family_AAA_domaincontaining_protein_2B
G.aculeatus_chtf18_chromosome_transmission_fidelity_protein_18_ho	40.741	54	30	1	0.49	36.6	G.aculeatus_chtf18_chromosome_transmission_fidelity_protein_18_ho
C.carcharias_LOC121279085_ATPase_family_AAA_domaincontaining_prot	38.000	50	28	1	0.50	36.6	C.carcharias_LOC121279085_ATPase_family_AAA_domaincontaining_prot
S.salar_LOC106588370_ATPase_family_AAA_domaincontaining_protein_2	38.596	57	32	1	0.50	36.6	S.salar_LOC106588370_ATPase_family_AAA_domaincontaining_protein_2
D.rerio_rad17_cell_cycle_checkpoint_protein_RAD17_isoform_X1	53.846	39	17	1	0.53	36.2	D.rerio_rad17_cell_cycle_checkpoint_protein_RAD17_isoform_X1
C.mydas_PSMC4_26S_proteasome_regulatory_subunit_6B	51.351	37	16	1	0.54	36.2	C.mydas_PSMC4_26S_proteasome_regulatory_subunit_6B
X.laevis_pex1.L_peroxisomal_biogenesis_factor_1_L_homeolog_isofor	45.455	55	27	2	0.54	36.2	X.laevis_pex1.L_peroxisomal_biogenesis_factor_1_L_homeolog_isofor
S.salar_LOC106608168_26S_proteasome_regulatory_subunit_10B	37.931	58	31	2	0.56	35.8	S.salar_LOC106608168_26S_proteasome_regulatory_subunit_10B
S.salar_psmc6_26S_proteasome_regulatory_subunit_10B	37.931	58	31	2	0.56	35.8	S.salar_psmc6_26S_proteasome_regulatory_subunit_10B
X.laevis_LOC108719672_LOW_QUALITY_PROTEIN_peroxisome_biogenesis_f	45.455	55	27	2	0.57	36.2	X.laevis_LOC108719672_LOW_QUALITY_PROTEIN_peroxisome_biogenesis_f
X.laevis_atad2b.L_ATPase_family_AAA_domain_containing_2B_L_homeol	40.000	50	27	1	0.57	36.2	X.laevis_atad2b.L_ATPase_family_AAA_domain_containing_2B_L_homeol
G.gallus_RFC5_replication_factor_C_subunit_5_isoform_X1	53.125	32	15	0	0.58	35.8	G.gallus_RFC5_replication_factor_C_subunit_5_isoform_X1
F.catus_ATAD2_ATPase_family_AAA_domaincontaining_protein_2_isofor	36.842	57	33	1	0.59	36.2	F.catus_ATAD2_ATPase_family_AAA_domaincontaining_protein_2_isofor
G.aculeatus_LOC120810261_ATPase_family_AAA_domaincontaining_prote	40.000	50	27	1	0.62	36.2	G.aculeatus_LOC120810261_ATPase_family_AAA_domaincontaining_prote
S.salar_LOC100380869_LOW_QUALITY_PROTEIN_ATPase_family_AAA_domain	40.000	50	27	1	0.63	36.2	S.salar_LOC100380869_LOW_QUALITY_PROTEIN_ATPase_family_AAA_domain
S.townsendi_ATAD2B_ATPase_family_AAA_domaincontaining_protein_2B	40.000	50	27	1	0.64	36.2	S.townsendi_ATAD2B_ATPase_family_AAA_domaincontaining_protein_2B
X.laevis_atad2b.S_ATPase_family_AAA_domaincontaining_protein_2B_i	40.000	50	27	1	0.64	36.2	X.laevis_atad2b.S_ATPase_family_AAA_domaincontaining_protein_2B_i
C.mydas_ATAD5_ATPase_family_AAA_domaincontaining_protein_5_isofor	59.259	27	11	0	0.67	36.2	C.mydas_ATAD5_ATPase_family_AAA_domaincontaining_protein_5_isofor
G.gallus_SPATA5L1_spermatogenesisassociated_protein_5like_protein	42.308	52	25	3	0.67	35.8	G.gallus_SPATA5L1_spermatogenesisassociated_protein_5like_protein
D.rerio_tep1_telomerase_protein_component_1	27.778	126	68	5	0.69	36.2	D.rerio_tep1_telomerase_protein_component_1
D.rerio_spata5l1_spermatogenesisassociated_protein_5like_protein_	36.842	57	31	2	0.69	35.8	D.rerio_spata5l1_spermatogenesisassociated_protein_5like_protein_
D.rerio_nsfa_vesiclefusing_ATPase	36.842	57	32	2	0.71	35.8	D.rerio_nsfa_vesiclefusing_ATPase
C.mydas_PEX1_peroxisome_biogenesis_factor_1_isoform_X1	29.412	102	66	3	0.71	35.8	C.mydas_PEX1_peroxisome_biogenesis_factor_1_isoform_X1
S.salar_atad2b_ATPase_family_AAA_domaincontaining_protein_2B_isof	40.000	50	27	1	0.72	35.8	S.salar_atad2b_ATPase_family_AAA_domaincontaining_protein_2B_isof
D.rerio_chtf18_chromosome_transmission_fidelity_protein_18_homolo	46.154	39	21	0	0.72	35.8	D.rerio_chtf18_chromosome_transmission_fidelity_protein_18_homolo
D.rerio_atad2b_ATPase_family_AAA_domaincontaining_protein_2B	38.596	57	32	1	0.72	35.8	D.rerio_atad2b_ATPase_family_AAA_domaincontaining_protein_2B
S.salar_LOC106594302_LOW_QUALITY_PROTEIN_replication_factor_C_sub	60.000	25	10	0	0.72	35.8	S.salar_LOC106594302_LOW_QUALITY_PROTEIN_replication_factor_C_sub
G.gallus_NSF_vesiclefusing_ATPase_isoform_2	62.069	29	9	1	0.73	35.8	G.gallus_NSF_vesiclefusing_ATPase_isoform_2
H.sapiens_ATAD2_ATPase_family_AAA_domaincontaining_protein_2_isof	36.842	57	33	1	0.74	35.8	H.sapiens_ATAD2_ATPase_family_AAA_domaincontaining_protein_2_isof
S.salar_LOC106571770_ATPase_family_AAA_domaincontaining_protein_2	40.000	50	27	1	0.75	35.8	S.salar_LOC106571770_ATPase_family_AAA_domaincontaining_protein_2
X.laevis_rad17.L_RAD17_checkpoint_clamp_loader_component_L_homeol	42.857	35	20	0	0.75	35.8	X.laevis_rad17.L_RAD17_checkpoint_clamp_loader_component_L_homeol
D.rerio_chtf18_chromosome_transmission_fidelity_protein_18_homolo	46.154	39	21	0	0.75	35.8	D.rerio_chtf18_chromosome_transmission_fidelity_protein_18_homolo
S.townsendi_ATAD5_ATPase_family_AAA_domaincontaining_protein_5_is	61.538	26	10	0	0.76	35.8	S.townsendi_ATAD5_ATPase_family_AAA_domaincontaining_protein_5_is
E.caballus_ATAD2_ATPase_family_AAA_domaincontaining_protein_2_iso	36.842	57	33	1	0.77	35.8	E.caballus_ATAD2_ATPase_family_AAA_domaincontaining_protein_2_iso
H.sapiens_ATAD5_ATPase_family_AAA_domaincontaining_protein_5_isof	59.259	27	11	0	0.77	35.8	H.sapiens_ATAD5_ATPase_family_AAA_domaincontaining_protein_5_isof
C.mydas_NSF_vesiclefusing_ATPase_isoform_X1	62.069	29	9	1	0.77	35.8	C.mydas_NSF_vesiclefusing_ATPase_isoform_X1
S.townsendi_IQCA1L_IQ_and_AAA_domaincontaining_protein_1like	57.143	28	12	0	0.78	35.8	S.townsendi_IQCA1L_IQ_and_AAA_domaincontaining_protein_1like
H.sapiens_FIGN_fidgetin_isoform_1	31.884	69	40	2	0.79	35.8	H.sapiens_FIGN_fidgetin_isoform_1
G.aculeatus_LOC120819380_vesiclefusing_ATPaselike	36.842	57	32	2	0.83	35.8	G.aculeatus_LOC120819380_vesiclefusing_ATPaselike
F.catus_NSF_vesiclefusing_ATPase	62.069	29	9	1	0.84	35.8	F.catus_NSF_vesiclefusing_ATPase
H.sapiens_ATAD3C_ATPase_family_AAA_domaincontaining_protein_3C	38.462	52	30	1	0.85	35.4	H.sapiens_ATAD3C_ATPase_family_AAA_domaincontaining_protein_3C
H.sapiens_NSF_vesiclefusing_ATPase	62.069	29	9	1	0.86	35.4	H.sapiens_NSF_vesiclefusing_ATPase
H.sapiens_NSF_vesiclefusing_ATPase	62.069	29	9	1	0.86	35.4	H.sapiens_NSF_vesiclefusing_ATPase
H.sapiens_NSF_vesiclefusing_ATPase	62.069	29	9	1	0.86	35.4	H.sapiens_NSF_vesiclefusing_ATPase
S.salar_LOC106569932_ATPase_family_AAA_domaincontaining_protein_2	40.000	50	27	1	0.86	35.8	S.salar_LOC106569932_ATPase_family_AAA_domaincontaining_protein_2
C.carcharias_nvl_nuclear_valosincontaining_proteinlike	47.500	40	19	1	0.88	35.4	C.carcharias_nvl_nuclear_valosincontaining_proteinlike
F.catus_ATAD5_ATPase_family_AAA_domaincontaining_protein_5_isofor	59.259	27	11	0	0.89	35.8	F.catus_ATAD5_ATPase_family_AAA_domaincontaining_protein_5_isofor
S.townsendi_NSF_LOW_QUALITY_PROTEIN_vesiclefusing_ATPase	62.069	29	9	1	0.89	35.4	S.townsendi_NSF_LOW_QUALITY_PROTEIN_vesiclefusing_ATPase
G.gallus_CHTF18_chromosome_transmission_fidelity_protein_18_homol	46.154	39	21	0	0.89	35.4	G.gallus_CHTF18_chromosome_transmission_fidelity_protein_18_homol
X.laevis_LOC108708614_fidgetin_isoform_X1	53.571	28	13	0	0.91	35.4	X.laevis_LOC108708614_fidgetin_isoform_X1
X.laevis_chtf18.L_chromosome_transmission_fidelity_protein_18_hom	37.288	59	35	1	0.93	35.4	X.laevis_chtf18.L_chromosome_transmission_fidelity_protein_18_hom
X.laevis_atad2.L_ATPase_family_AAA_domaincontaining_protein_2_iso	40.000	50	27	1	0.93	35.4	X.laevis_atad2.L_ATPase_family_AAA_domaincontaining_protein_2_iso
E.caballus_FIGN_fidgetin_isoform_X2	40.909	44	21	1	0.94	35.4	E.caballus_FIGN_fidgetin_isoform_X2
G.gallus_ATAD2_ATPase_family_AAA_domaincontaining_protein_2_isofo	38.000	50	28	1	0.94	35.4	G.gallus_ATAD2_ATPase_family_AAA_domaincontaining_protein_2_isofo
H.sapiens_CHTF18_chromosome_transmission_fidelity_protein_18_homo	38.596	57	33	1	0.94	35.4	H.sapiens_CHTF18_chromosome_transmission_fidelity_protein_18_homo
F.catus_FIGN_fidgetin_isoform_X1	31.884	69	40	2	0.96	35.4	F.catus_FIGN_fidgetin_isoform_X1
H.sapiens_KATNAL2_katanin_p60_ATPasecontaining_subunit_Alike_2_is	46.341	41	20	1	0.97	35.4	H.sapiens_KATNAL2_katanin_p60_ATPasecontaining_subunit_Alike_2_is
H.sapiens_RFC5_replication_factor_C_subunit_5_isoform_1	53.125	32	15	0	0.98	35.0	H.sapiens_RFC5_replication_factor_C_subunit_5_isoform_1
F.catus_RFC5_replication_factor_C_subunit_5	53.125	32	15	0	0.98	35.0	F.catus_RFC5_replication_factor_C_subunit_5
C.mydas_ATAD2_ATPase_family_AAA_domaincontaining_protein_2_isofor	38.000	50	28	1	1.0	35.4	C.mydas_ATAD2_ATPase_family_AAA_domaincontaining_protein_2_isofor
G.gallus_PEX1_peroxisome_biogenesis_factor_1_isoform_X2	30.097	103	64	3	1.0	35.4	G.gallus_PEX1_peroxisome_biogenesis_factor_1_isoform_X2
E.caballus_ATAD5_ATPase_family_AAA_domaincontaining_protein_5_iso	59.259	27	11	0	1.0	35.4	E.caballus_ATAD5_ATPase_family_AAA_domaincontaining_protein_5_iso
E.caballus_RFC5_replication_factor_C_subunit_5	53.125	32	15	0	1.1	35.0	E.caballus_RFC5_replication_factor_C_subunit_5
E.caballus_NSF_vesiclefusing_ATPase	62.069	29	9	1	1.1	35.4	E.caballus_NSF_vesiclefusing_ATPase
C.mydas_RFC1_replication_factor_C_subunit_1_isoform_X3	56.000	25	11	0	1.1	35.4	C.mydas_RFC1_replication_factor_C_subunit_1_isoform_X3
G.aculeatus_pex1_peroxisome_biogenesis_factor_1	28.431	102	67	3	1.1	35.4	G.aculeatus_pex1_peroxisome_biogenesis_factor_1
S.salar_psmc2_26S_proteasome_regulatory_subunit_7	47.368	38	18	1	1.1	35.0	S.salar_psmc2_26S_proteasome_regulatory_subunit_7
S.salar_LOC106609683_26S_proteasome_regulatory_subunit_7	47.368	38	18	1	1.1	35.0	S.salar_LOC106609683_26S_proteasome_regulatory_subunit_7
C.mydas_RFC5_replication_factor_C_subunit_5_isoform_X1	53.125	32	15	0	1.1	35.0	C.mydas_RFC5_replication_factor_C_subunit_5_isoform_X1
H.sapiens_PSMC2_26S_proteasome_regulatory_subunit_7_isoform_1	47.368	38	18	1	1.1	35.0	H.sapiens_PSMC2_26S_proteasome_regulatory_subunit_7_isoform_1
G.aculeatus_psmc2_26S_proteasome_regulatory_subunit_7	47.368	38	18	1	1.1	35.0	G.aculeatus_psmc2_26S_proteasome_regulatory_subunit_7
F.catus_PSMC2_26S_proteasome_regulatory_subunit_7	47.368	38	18	1	1.1	35.0	F.catus_PSMC2_26S_proteasome_regulatory_subunit_7
E.caballus_PSMC2_26S_proteasome_regulatory_subunit_7	47.368	38	18	1	1.1	35.0	E.caballus_PSMC2_26S_proteasome_regulatory_subunit_7
X.laevis_psmc2.S_26S_proteasome_regulatory_subunit_7like	47.368	38	18	1	1.1	35.0	X.laevis_psmc2.S_26S_proteasome_regulatory_subunit_7like
X.laevis_psmc3.S_26S_proteasome_regulatory_subunit_6AB	44.737	38	19	1	1.2	35.0	X.laevis_psmc3.S_26S_proteasome_regulatory_subunit_6AB
G.aculeatus_psmc3_26S_proteasome_regulatory_subunit_6A	44.737	38	19	1	1.2	35.0	G.aculeatus_psmc3_26S_proteasome_regulatory_subunit_6A
S.townsendi_PSMC6_LOW_QUALITY_PROTEIN_26S_proteasome_regulatory_s	39.655	58	30	2	1.2	35.0	S.townsendi_PSMC6_LOW_QUALITY_PROTEIN_26S_proteasome_regulatory_s
C.carcharias_atad3_ATPase_family_AAA_domain_containing_3	42.222	45	24	1	1.2	35.0	C.carcharias_atad3_ATPase_family_AAA_domain_containing_3
X.laevis_psmc3.L_26S_proteasome_regulatory_subunit_6AA	44.737	38	19	1	1.2	35.0	X.laevis_psmc3.L_26S_proteasome_regulatory_subunit_6AA
E.caballus_PSMC3_26S_proteasome_regulatory_subunit_6A	44.737	38	19	1	1.2	35.0	E.caballus_PSMC3_26S_proteasome_regulatory_subunit_6A
D.rerio_psmc3_26S_protease_regulatory_subunit_6A_isoform_X1	44.737	38	19	1	1.2	35.0	D.rerio_psmc3_26S_protease_regulatory_subunit_6A_isoform_X1
S.salar_LOC106561966_26S_proteasome_regulatory_subunit_6AB_isofor	44.737	38	19	1	1.2	35.0	S.salar_LOC106561966_26S_proteasome_regulatory_subunit_6AB_isofor
S.townsendi_PSMC3_26S_proteasome_regulatory_subunit_6A	44.737	38	19	1	1.2	35.0	S.townsendi_PSMC3_26S_proteasome_regulatory_subunit_6A
X.laevis_atad3a.L_ATPase_family_AAA_domaincontaining_protein_3B	40.000	45	25	1	1.2	35.0	X.laevis_atad3a.L_ATPase_family_AAA_domaincontaining_protein_3B
C.mydas_PSMC3_26S_proteasome_regulatory_subunit_6A_isoform_X1	44.737	38	19	1	1.2	35.0	C.mydas_PSMC3_26S_proteasome_regulatory_subunit_6A_isoform_X1
D.rerio_atad5a_ATPase_family_AAA_domaincontaining_protein_5	29.730	74	52	0	1.2	35.0	D.rerio_atad5a_ATPase_family_AAA_domaincontaining_protein_5
G.gallus_PSMC3_26S_proteasome_regulatory_subunit_6A	44.737	38	19	1	1.3	35.0	G.gallus_PSMC3_26S_proteasome_regulatory_subunit_6A
C.carcharias_LOC121291685_class_I_histocompatibility_antigen_F10_	33.803	71	32	4	1.3	34.7	C.carcharias_LOC121291685_class_I_histocompatibility_antigen_F10_
H.sapiens_PSMC3_26S_proteasome_regulatory_subunit_6A	44.737	38	19	1	1.3	35.0	H.sapiens_PSMC3_26S_proteasome_regulatory_subunit_6A
S.salar_prs6a_26S_protease_regulatory_subunit_6A_isoform_X1	44.737	38	19	1	1.3	35.0	S.salar_prs6a_26S_protease_regulatory_subunit_6A_isoform_X1
C.carcharias_psmc3_26S_proteasome_regulatory_subunit_6A	44.737	38	19	1	1.3	34.7	C.carcharias_psmc3_26S_proteasome_regulatory_subunit_6A
S.townsendi_PSMC2_26S_proteasome_regulatory_subunit_7	47.368	38	18	1	1.3	34.7	S.townsendi_PSMC2_26S_proteasome_regulatory_subunit_7
G.gallus_PSMC2_26S_proteasome_regulatory_subunit_7	47.368	38	18	1	1.3	34.7	G.gallus_PSMC2_26S_proteasome_regulatory_subunit_7
D.rerio_psmc2_26S_proteasome_regulatory_subunit_7	47.368	38	18	1	1.3	34.7	D.rerio_psmc2_26S_proteasome_regulatory_subunit_7
C.carcharias_psmc2_26S_proteasome_regulatory_subunit_7	47.368	38	18	1	1.3	34.7	C.carcharias_psmc2_26S_proteasome_regulatory_subunit_7
F.catus_PSMC3_26S_proteasome_regulatory_subunit_6A	44.737	38	19	1	1.3	34.7	F.catus_PSMC3_26S_proteasome_regulatory_subunit_6A
S.townsendi_ATAD1_outer_mitochondrial_transmembrane_helix_translo	57.692	26	11	0	1.3	34.3	S.townsendi_ATAD1_outer_mitochondrial_transmembrane_helix_translo
X.laevis_psmc2.L_26S_proteasome_regulatory_subunit_7	47.368	38	18	1	1.3	34.7	X.laevis_psmc2.L_26S_proteasome_regulatory_subunit_7
X.laevis_atad2.S_ATPase_family_AAA_domaincontaining_protein_2	38.000	50	28	1	1.4	35.0	X.laevis_atad2.S_ATPase_family_AAA_domaincontaining_protein_2
X.laevis_atad1.S_outer_mitochondrial_transmembrane_helix_transloc	55.556	27	12	0	1.4	34.7	X.laevis_atad1.S_outer_mitochondrial_transmembrane_helix_transloc
D.rerio_rfc1_replication_factor_C_subunit_1	56.000	25	11	0	1.4	35.0	D.rerio_rfc1_replication_factor_C_subunit_1
S.salar_LOC106583880_vesiclefusing_ATPase_isoform_X3	33.708	89	52	3	1.4	35.0	S.salar_LOC106583880_vesiclefusing_ATPase_isoform_X3
X.laevis_fignl2.S_fidgetin_isoform_X1	53.846	26	12	0	1.4	35.0	X.laevis_fignl2.S_fidgetin_isoform_X1
G.gallus_ATAD1_outer_mitochondrial_transmembrane_helix_translocas	55.556	27	12	0	1.4	34.7	G.gallus_ATAD1_outer_mitochondrial_transmembrane_helix_translocas
D.rerio_katnal2_katanin_p60_ATPasecontaining_subunit_Alike_2	57.692	26	11	0	1.4	34.7	D.rerio_katnal2_katanin_p60_ATPasecontaining_subunit_Alike_2
S.salar_nsf_vesiclefusing_ATPase	33.708	89	52	3	1.5	34.7	S.salar_nsf_vesiclefusing_ATPase
H.sapiens_ATAD1_outer_mitochondrial_transmembrane_helix_transloca	55.556	27	12	0	1.5	34.7	H.sapiens_ATAD1_outer_mitochondrial_transmembrane_helix_transloca
G.aculeatus_rfc1_replication_factor_C_subunit_1_isoform_X2	55.556	27	12	0	1.5	35.0	G.aculeatus_rfc1_replication_factor_C_subunit_1_isoform_X2
C.carcharias_katnal2_katanin_p60_ATPasecontaining_subunit_Alike_2	57.692	26	11	0	1.5	34.7	C.carcharias_katnal2_katanin_p60_ATPasecontaining_subunit_Alike_2
E.caballus_ATAD1_ATPase_family_AAA_domaincontaining_protein_1	55.556	27	12	0	1.5	34.7	E.caballus_ATAD1_ATPase_family_AAA_domaincontaining_protein_1
C.mydas_ATAD1_outer_mitochondrial_transmembrane_helix_translocase	55.556	27	12	0	1.5	34.7	C.mydas_ATAD1_outer_mitochondrial_transmembrane_helix_translocase
C.mydas_PSMC2_26S_proteasome_regulatory_subunit_7_isoform_X1	47.368	38	18	1	1.5	34.7	C.mydas_PSMC2_26S_proteasome_regulatory_subunit_7_isoform_X1
D.rerio_bcs1l_mitochondrial_chaperone_BCS1	31.818	88	53	4	1.6	34.7	D.rerio_bcs1l_mitochondrial_chaperone_BCS1
F.catus_ATAD1_outer_mitochondrial_transmembrane_helix_translocase	55.556	27	12	0	1.6	34.7	F.catus_ATAD1_outer_mitochondrial_transmembrane_helix_translocase
H.sapiens_ATAD1_outer_mitochondrial_transmembrane_helix_transloca	55.556	27	12	0	1.6	33.9	H.sapiens_ATAD1_outer_mitochondrial_transmembrane_helix_transloca
S.salar_LOC106608224_26S_proteasome_regulatory_subunit_4	47.368	38	18	1	1.6	34.7	S.salar_LOC106608224_26S_proteasome_regulatory_subunit_4
S.salar_LOC106601249_26S_proteasome_regulatory_subunit_4	47.368	38	18	1	1.6	34.7	S.salar_LOC106601249_26S_proteasome_regulatory_subunit_4
D.rerio_psmc1b_proteasome_26S_subunit_ATPase_1b	47.368	38	18	1	1.6	34.7	D.rerio_psmc1b_proteasome_26S_subunit_ATPase_1b
X.laevis_rfc5.S_replication_factor_C_subunit_5_S_homeolog	50.000	32	16	0	1.6	34.3	X.laevis_rfc5.S_replication_factor_C_subunit_5_S_homeolog
S.salar_LOC106611169_26S_proteasome_regulatory_subunit_4	47.368	38	18	1	1.6	34.7	S.salar_LOC106611169_26S_proteasome_regulatory_subunit_4
G.gallus_RFC1_replication_factor_C_subunit_1_isoform_X2	56.000	25	11	0	1.7	34.7	G.gallus_RFC1_replication_factor_C_subunit_1_isoform_X2
S.townsendi_ATAD2_ATPase_family_AAA_domaincontaining_protein_2_is	36.000	50	29	1	1.7	34.7	S.townsendi_ATAD2_ATPase_family_AAA_domaincontaining_protein_2_is
X.laevis_rfc5.L_replication_factor_C_subunit_5_L_homeolog	50.000	32	16	0	1.7	34.3	X.laevis_rfc5.L_replication_factor_C_subunit_5_L_homeolog
G.aculeatus_LOC120807839_26S_proteasome_regulatory_subunit_4_isof	47.368	38	18	1	1.7	34.7	G.aculeatus_LOC120807839_26S_proteasome_regulatory_subunit_4_isof
X.laevis_rfc1.L_replication_factor_C_subunit_1	56.000	25	11	0	1.7	34.7	X.laevis_rfc1.L_replication_factor_C_subunit_1
X.laevis_psmc1.S_26S_proteasome_regulatory_subunit_4	47.368	38	18	1	1.7	34.3	X.laevis_psmc1.S_26S_proteasome_regulatory_subunit_4
E.caballus_KATNAL2_katanin_p60_ATPasecontaining_subunit_Alike_2_i	42.000	50	27	1	1.7	34.7	E.caballus_KATNAL2_katanin_p60_ATPasecontaining_subunit_Alike_2_i
C.carcharias_atad1b_outer_mitochondrial_transmembrane_helix_trans	53.571	28	13	0	1.7	34.3	C.carcharias_atad1b_outer_mitochondrial_transmembrane_helix_trans
G.aculeatus_katnal2_katanin_p60_ATPasecontaining_subunit_Alike_2_	42.000	50	27	1	1.7	34.7	G.aculeatus_katnal2_katanin_p60_ATPasecontaining_subunit_Alike_2_
C.carcharias_LOC121291455_class_I_histocompatibility_antigen_F10_	33.803	71	32	4	1.7	34.3	C.carcharias_LOC121291455_class_I_histocompatibility_antigen_F10_
C.mydas_LOC119565463_replication_factor_C_subunit_5like	53.125	32	15	0	1.7	33.5	C.mydas_LOC119565463_replication_factor_C_subunit_5like
C.carcharias_LOC121268930_vesiclefusing_ATPase_isoform_X3	58.621	29	10	1	1.7	34.7	C.carcharias_LOC121268930_vesiclefusing_ATPase_isoform_X3
D.rerio_psmc1a_proteasome_26S_subunit_ATPase_1a	47.368	38	18	1	1.8	34.3	D.rerio_psmc1a_proteasome_26S_subunit_ATPase_1a
D.rerio_psmc1a_proteasome_26S_subunit_ATPase_1a	47.368	38	18	1	1.8	34.3	D.rerio_psmc1a_proteasome_26S_subunit_ATPase_1a
X.laevis_katnal2.L_katanin_p60_ATPasecontaining_subunit_Alike_2	57.692	26	11	0	1.8	34.7	X.laevis_katnal2.L_katanin_p60_ATPasecontaining_subunit_Alike_2
C.mydas_KATNAL2_katanin_p60_ATPasecontaining_subunit_Alike_2_isof	57.692	26	11	0	1.8	34.7	C.mydas_KATNAL2_katanin_p60_ATPasecontaining_subunit_Alike_2_isof
E.caballus_LOC100052875_AFG3like_protein_1_isoform_X1	50.000	38	17	1	1.8	34.7	E.caballus_LOC100052875_AFG3like_protein_1_isoform_X1
X.laevis_psmc1.L_proteasome_26S_subunit_ATPase_1_L_homeolog	47.368	38	18	1	1.8	34.3	X.laevis_psmc1.L_proteasome_26S_subunit_ATPase_1_L_homeolog
X.laevis_atad1.L_ATPase_family_AAA_domain_containing_1_L_homeolog	55.556	27	12	0	1.8	34.3	X.laevis_atad1.L_ATPase_family_AAA_domain_containing_1_L_homeolog
E.caballus_MTG1_mitochondrial_ribosomeassociated_GTPase_1_isoform	27.632	76	49	1	1.9	34.3	E.caballus_MTG1_mitochondrial_ribosomeassociated_GTPase_1_isoform
C.carcharias_LOC121292651_26S_proteasome_regulatory_subunit_4	47.368	38	18	1	2.0	34.3	C.carcharias_LOC121292651_26S_proteasome_regulatory_subunit_4
G.gallus_KATNAL2_katanin_p60_ATPasecontaining_subunit_Alike_2_iso	65.217	23	8	0	2.0	34.3	G.gallus_KATNAL2_katanin_p60_ATPasecontaining_subunit_Alike_2_iso
X.laevis_LOC108704151_dynein_heavy_chain_5_axonemal	48.276	29	15	0	2.0	34.7	X.laevis_LOC108704151_dynein_heavy_chain_5_axonemal
G.aculeatus_rfc5_replication_factor_C_subunit_5	50.000	32	16	0	2.0	33.9	G.aculeatus_rfc5_replication_factor_C_subunit_5
S.salar_LOC106581856_mitochondrial_chaperone_BCS1	45.946	37	18	1	2.0	34.3	S.salar_LOC106581856_mitochondrial_chaperone_BCS1
F.catus_KATNAL2_katanin_p60_ATPasecontaining_subunit_Alike_2_isof	42.000	50	27	1	2.0	34.3	F.catus_KATNAL2_katanin_p60_ATPasecontaining_subunit_Alike_2_isof
S.townsendi_RFC5_replication_factor_C_subunit_5	53.125	32	15	0	2.1	33.9	S.townsendi_RFC5_replication_factor_C_subunit_5
X.laevis_atad3a.S_ATPase_family_AAA_domaincontaining_protein_3A	40.000	45	25	1	2.1	34.3	X.laevis_atad3a.S_ATPase_family_AAA_domaincontaining_protein_3A
S.townsendi_PEX6_peroxisome_biogenesis_factor_6_isoform_X1	35.526	76	43	3	2.1	34.3	S.townsendi_PEX6_peroxisome_biogenesis_factor_6_isoform_X1
C.mydas_PEX6_peroxisome_biogenesis_factor_6_isoform_X1	35.526	76	43	3	2.1	34.3	C.mydas_PEX6_peroxisome_biogenesis_factor_6_isoform_X1
S.salar_LOC100196545_replication_factor_C_subunit_5	50.000	32	16	0	2.1	33.9	S.salar_LOC100196545_replication_factor_C_subunit_5
S.salar_LOC106574564_fidgetin_isoform_X1	29.412	85	52	2	2.1	34.3	S.salar_LOC106574564_fidgetin_isoform_X1
D.rerio_rfc5_replication_factor_C_subunit_5	50.000	32	16	0	2.1	33.9	D.rerio_rfc5_replication_factor_C_subunit_5
S.townsendi_KATNAL2_katanin_p60_ATPasecontaining_subunit_Alike_2	65.217	23	8	0	2.3	33.9	S.townsendi_KATNAL2_katanin_p60_ATPasecontaining_subunit_Alike_2
S.salar_katnal2_katanin_p60_ATPasecontaining_subunit_Alike_2_isof	57.692	26	11	0	2.3	33.9	S.salar_katnal2_katanin_p60_ATPasecontaining_subunit_Alike_2_isof
C.mydas_ATAD3A_ATPase_family_AAA_domaincontaining_protein_3A	37.778	45	26	1	2.4	33.9	C.mydas_ATAD3A_ATPase_family_AAA_domaincontaining_protein_3A
X.laevis_nsf.S_Nethylmaleimide_sensitive_factor_S_homeolog	36.842	57	32	2	2.5	34.3	X.laevis_nsf.S_Nethylmaleimide_sensitive_factor_S_homeolog
C.mydas_RFC4_replication_factor_C_subunit_4_isoform_X2	63.636	22	8	0	2.5	33.9	C.mydas_RFC4_replication_factor_C_subunit_4_isoform_X2
G.aculeatus_atad2b_LOW_QUALITY_PROTEIN_ATPase_family_AAA_domainco	38.596	57	32	1	2.6	34.3	G.aculeatus_atad2b_LOW_QUALITY_PROTEIN_ATPase_family_AAA_domainco
G.aculeatus_LOC120834104_mitochondrial_chaperone_BCS1	50.000	28	14	0	2.6	33.9	G.aculeatus_LOC120834104_mitochondrial_chaperone_BCS1
S.salar_LOC106589392_outer_mitochondrial_transmembrane_helix_tran	55.556	27	12	0	2.6	33.9	S.salar_LOC106589392_outer_mitochondrial_transmembrane_helix_tran
G.aculeatus_LOC120828662_ATPase_family_AAA_domaincontaining_prote	47.368	38	18	1	2.7	33.9	G.aculeatus_LOC120828662_ATPase_family_AAA_domaincontaining_prote
D.rerio_atad1b_outer_mitochondrial_transmembrane_helix_translocas	55.556	27	12	0	2.7	33.9	D.rerio_atad1b_outer_mitochondrial_transmembrane_helix_translocas
S.townsendi_CHTF18_chromosome_transmission_fidelity_protein_18_ho	37.288	59	35	1	2.7	33.9	S.townsendi_CHTF18_chromosome_transmission_fidelity_protein_18_ho
E.caballus_LOC111772475_ATPase_family_AAA_domaincontaining_protei	44.737	38	19	1	2.8	33.9	E.caballus_LOC111772475_ATPase_family_AAA_domaincontaining_protei
X.laevis_LOC108707607_dynein_heavy_chain_domaincontaining_protein	40.000	45	25	2	2.8	34.3	X.laevis_LOC108707607_dynein_heavy_chain_domaincontaining_protein
F.catus_LOC101086295_ATPase_family_AAA_domaincontaining_protein_3	44.737	38	19	1	3.0	33.9	F.catus_LOC101086295_ATPase_family_AAA_domaincontaining_protein_3
H.sapiens_ATAD3A_ATPase_family_AAA_domaincontaining_protein_3A_is	44.737	38	19	1	3.1	33.9	H.sapiens_ATAD3A_ATPase_family_AAA_domaincontaining_protein_3A_is
X.laevis_nsf.L_vesiclefusing_ATPase_isoform_X1	43.902	41	21	1	3.1	33.9	X.laevis_nsf.L_vesiclefusing_ATPase_isoform_X1
S.salar_LOC106570437_LOW_QUALITY_PROTEIN_peroxisome_biogenesis_fa	41.071	56	30	2	3.1	33.9	S.salar_LOC106570437_LOW_QUALITY_PROTEIN_peroxisome_biogenesis_fa
C.carcharias_rfc1_replication_factor_C_subunit_1	52.000	25	12	0	3.1	33.9	C.carcharias_rfc1_replication_factor_C_subunit_1
G.aculeatus_atad1b_outer_mitochondrial_transmembrane_helix_transl	55.556	27	12	0	3.2	33.5	G.aculeatus_atad1b_outer_mitochondrial_transmembrane_helix_transl
F.catus_CHTF18_chromosome_transmission_fidelity_protein_18_homolo	44.444	36	20	0	3.5	33.5	F.catus_CHTF18_chromosome_transmission_fidelity_protein_18_homolo
S.salar_LOC123723987_fidgetinlike_isoform_X1	29.412	85	54	3	3.5	33.5	S.salar_LOC123723987_fidgetinlike_isoform_X1
S.salar_zgc:153738_dynein_regulatory_complex_protein_11	53.571	28	13	0	3.5	33.5	S.salar_zgc:153738_dynein_regulatory_complex_protein_11
C.carcharias_LOC121285043_mitochondrial_chaperone_BCS1	32.927	82	41	3	3.7	33.5	C.carcharias_LOC121285043_mitochondrial_chaperone_BCS1
G.aculeatus_zgc:153738_dynein_regulatory_complex_protein_11_isofo	53.571	28	13	0	3.7	33.5	G.aculeatus_zgc:153738_dynein_regulatory_complex_protein_11_isofo
S.townsendi_PEX1_LOW_QUALITY_PROTEIN_peroxisome_biogenesis_factor	40.000	55	30	2	3.7	33.5	S.townsendi_PEX1_LOW_QUALITY_PROTEIN_peroxisome_biogenesis_factor
G.aculeatus_LOC120813275_LOW_QUALITY_PROTEIN_ATPase_family_AAA_do	23.853	218	123	8	3.8	33.5	G.aculeatus_LOC120813275_LOW_QUALITY_PROTEIN_ATPase_family_AAA_do
D.rerio_nsfb_Nethylmaleimidesensitive_factor_b_isoform_X1	43.902	41	21	1	3.9	33.5	D.rerio_nsfb_Nethylmaleimidesensitive_factor_b_isoform_X1
D.rerio_nsfb_Nethylmaleimidesensitive_factor_b_isoform_X1	43.902	41	21	1	3.9	33.5	D.rerio_nsfb_Nethylmaleimidesensitive_factor_b_isoform_X1
C.mydas_FIGN_fidgetin_isoform_X2	37.037	54	27	2	4.0	33.5	C.mydas_FIGN_fidgetin_isoform_X2
G.gallus_FIGN_fidgetin_isoform_X3	38.636	44	22	1	4.0	33.5	G.gallus_FIGN_fidgetin_isoform_X3
S.townsendi_FIGN_fidgetin	38.636	44	22	1	4.2	33.5	S.townsendi_FIGN_fidgetin
S.salar_LOC106606569_ATPase_family_AAA_domaincontaining_protein_5	61.538	26	10	0	4.2	33.5	S.salar_LOC106606569_ATPase_family_AAA_domaincontaining_protein_5
S.townsendi_LOC125446016_ATPase_family_AAA_domaincontaining_prote	37.778	45	26	1	4.3	33.1	S.townsendi_LOC125446016_ATPase_family_AAA_domaincontaining_prote
G.gallus_ATAD3B_ATPase_family_AAA_domaincontaining_protein_3A_iso	40.000	45	25	1	4.3	33.1	G.gallus_ATAD3B_ATPase_family_AAA_domaincontaining_protein_3A_iso
S.townsendi_QRICH1_transcriptional_regulator_QRICH1	33.962	53	33	1	4.4	33.1	S.townsendi_QRICH1_transcriptional_regulator_QRICH1
H.sapiens_ATAD3B_ATPase_family_AAA_domaincontaining_protein_3B_is	47.368	38	18	1	4.5	33.1	H.sapiens_ATAD3B_ATPase_family_AAA_domaincontaining_protein_3B_is
D.rerio_rfc4_replication_factor_C_subunit_4	63.636	22	8	0	5.1	32.7	D.rerio_rfc4_replication_factor_C_subunit_4
S.salar_LOC106564799_peroxisome_assembly_factor_2like	33.333	72	42	3	5.2	33.1	S.salar_LOC106564799_peroxisome_assembly_factor_2like
C.carcharias_pex6_peroxisome_assembly_factor_2	36.111	72	40	3	5.2	33.1	C.carcharias_pex6_peroxisome_assembly_factor_2
X.laevis_arl16.L_ADPribosylation_factorlike_protein_16	33.333	63	35	1	5.3	32.0	X.laevis_arl16.L_ADPribosylation_factorlike_protein_16
C.carcharias_rfc4_replication_factor_C_subunit_4_isoform_X1	43.902	41	14	1	5.4	32.7	C.carcharias_rfc4_replication_factor_C_subunit_4_isoform_X1
G.aculeatus_fign_fidgetin_isoform_X1	25.641	117	72	4	5.4	33.1	G.aculeatus_fign_fidgetin_isoform_X1
G.aculeatus_LOC120826095_ATPase_family_AAA_domaincontaining_prote	38.000	50	28	1	5.4	33.1	G.aculeatus_LOC120826095_ATPase_family_AAA_domaincontaining_prote
G.aculeatus_atad5a_ATPase_family_AAA_domaincontaining_protein_5_i	51.515	33	16	0	5.6	33.1	G.aculeatus_atad5a_ATPase_family_AAA_domaincontaining_protein_5_i
S.salar_rfc4_replication_factor_C_subunit_4	63.636	22	8	0	5.6	32.7	S.salar_rfc4_replication_factor_C_subunit_4
G.gallus_PEX6_peroxisome_biogenesis_factor_6_isoform_X3	34.211	76	44	3	5.6	33.1	G.gallus_PEX6_peroxisome_biogenesis_factor_6_isoform_X3
G.aculeatus_atad5b_ATPase_family_AAA_domaincontaining_protein_5b_	61.538	26	10	0	6.0	32.7	G.aculeatus_atad5b_ATPase_family_AAA_domaincontaining_protein_5b_
S.salar_LOC106578956_outer_mitochondrial_transmembrane_helix_tran	50.000	28	14	0	6.0	32.7	S.salar_LOC106578956_outer_mitochondrial_transmembrane_helix_tran
S.salar_LOC106607932_interferoninduced_protein_44like_isoform_X1	26.316	76	54	1	6.3	32.7	S.salar_LOC106607932_interferoninduced_protein_44like_isoform_X1
S.salar_LOC106606528_ATPase_family_AAA_domaincontaining_protein_5	61.538	26	10	0	6.3	33.1	S.salar_LOC106606528_ATPase_family_AAA_domaincontaining_protein_5
G.gallus_RFC4_replication_factor_C_subunit_4_isoform_X1	63.636	22	8	0	6.4	32.3	G.gallus_RFC4_replication_factor_C_subunit_4_isoform_X1
G.aculeatus_rfc4_replication_factor_C_subunit_4_isoform_X1	63.636	22	8	0	6.5	32.7	G.aculeatus_rfc4_replication_factor_C_subunit_4_isoform_X1
S.salar_LOC106572020_ATPase_family_AAA_domaincontaining_protein_3	44.737	38	19	1	6.8	32.7	S.salar_LOC106572020_ATPase_family_AAA_domaincontaining_protein_3
H.sapiens_RFC4_replication_factor_C_subunit_4	63.636	22	8	0	6.8	32.3	H.sapiens_RFC4_replication_factor_C_subunit_4
S.salar_LOC106581802_fidgetin	27.711	83	52	2	7.0	32.7	S.salar_LOC106581802_fidgetin
F.catus_RFC4_replication_factor_C_subunit_4_isoform_X2	63.636	22	8	0	7.3	32.3	F.catus_RFC4_replication_factor_C_subunit_4_isoform_X2
