F.catus_RUVBL1_ruvBlike_1_isoform_X1
E.caballus_RUVBL1_ruvBlike_1
X.laevis_ruvbl1.L_ruvBlike_1
C.mydas_RUVBL1_ruvBlike_1
X.laevis_ruvbl1.S_ruvBlike_1
G.gallus_RUVBL1_ruvBlike_1_isoform_X1
C.carcharias_ruvbl1_ruvBlike_1
S.salar_ruvb1_RuvBlike_1
D.rerio_ruvbl1_ruvBlike_1
S.salar_ruvbl1_ruvBlike_1
G.aculeatus_ruvbl1_ruvBlike_1_isoform_X1
H.sapiens_RUVBL1_ruvBlike_1_isoform_X1
X.laevis_ruvbl2.L_ruvBlike_2
C.carcharias_ruvbl2_ruvBlike_2
X.laevis_ruvbl2.S_RuvB_like_AAA_ATPase_2_S_homeolog
S.townsendi_RUVBL2_ruvBlike_2
F.catus_RUVBL2_ruvBlike_2_isoform_X1
H.sapiens_RUVBL2_ruvBlike_2_isoform_1
E.caballus_RUVBL2_ruvBlike_2_isoform_X1
S.salar_ruvbl2_ruvBlike_2
D.rerio_ruvbl2_ruvBlike_2
D.rerio_ruvbl2_ruvBlike_2
G.aculeatus_ruvbl2_ruvBlike_2
S.townsendi_RUVBL1_ruvBlike_1
